#
# There is insufficient memory for the Java Runtime Environment to continue.
# Native memory allocation (malloc) failed to allocate 1373776 bytes for Chunk::new
# Possible reasons:
#   The system is out of physical RAM or swap space
#   The process is running with CompressedOops enabled, and the Java Heap may be blocking the growth of the native heap
# Possible solutions:
#   Reduce memory load on the system
#   Increase physical memory or swap space
#   Check if swap backing store is full
#   Decrease Java heap size (-Xmx/-Xms)
#   Decrease number of Java threads
#   Decrease Java thread stack sizes (-Xss)
#   Set larger code cache with -XX:ReservedCodeCacheSize=
#   JVM is running with Unscaled Compressed Oops mode in which the Java heap is
#     placed in the first 4GB address space. The Java Heap base address is the
#     maximum limit for the native heap growth. Please use -XX:HeapBaseMinAddress
#     to set the Java Heap base and to place the Java Heap above 4GB virtual address.
# This output file may be truncated or incomplete.
#
#  Out of Memory Error (arena.cpp:189), pid=7632, tid=17428
#
# JRE version: OpenJDK Runtime Environment Temurin-17.0.4.1+1 (17.0.4.1+1) (build 17.0.4.1+1)
# Java VM: OpenJDK 64-Bit Server VM Temurin-17.0.4.1+1 (17.0.4.1+1, mixed mode, tiered, compressed oops, compressed class ptrs, parallel gc, windows-amd64)
# No core dump will be written. Minidumps are not enabled by default on client versions of Windows
#

---------------  S U M M A R Y ------------

Command Line: --add-modules=ALL-SYSTEM --add-opens=java.base/java.util=ALL-UNNAMED --add-opens=java.base/java.lang=ALL-UNNAMED --add-opens=java.base/sun.nio.fs=ALL-UNNAMED -Declipse.application=org.eclipse.jdt.ls.core.id1 -Dosgi.bundles.defaultStartLevel=4 -Declipse.product=org.eclipse.jdt.ls.core.product -Djava.import.generatesMetadataFilesAtProjectRoot=false -Dfile.encoding=utf8 -XX:+UseParallelGC -XX:GCTimeRatio=4 -XX:AdaptiveSizePolicyWeight=90 -Dsun.zip.disableMemoryMapping=true -Xmx1G -Xms100m -Xlog:disable -javaagent:c:\Users\Nishtar\.antigravity\extensions\redhat.java-1.12.0-win32-x64\lombok\lombok-1.18.24.jar -XX:+HeapDumpOnOutOfMemoryError -XX:HeapDumpPath=c:\Users\Nishtar\AppData\Roaming\Antigravity\User\workspaceStorage\0fe9db96e7a8ee3026565586bb49f5fa\redhat.java c:\Users\Nishtar\.antigravity\extensions\redhat.java-1.12.0-win32-x64\server\plugins\org.eclipse.equinox.launcher_1.6.400.v20210924-0641.jar -configuration c:\Users\Nishtar\AppData\Roaming\Antigravity\User\globalStorage\redhat.java\1.12.0\config_win -data c:\Users\Nishtar\AppData\Roaming\Antigravity\User\workspaceStorage\0fe9db96e7a8ee3026565586bb49f5fa\redhat.java\jdt_ws

Host: AMD Ryzen 5 5500U with Radeon Graphics         , 12 cores, 7G,  Windows 11 , 64 bit Build 26100 (10.0.26100.7705)
Time: Fri Mar  6 12:06:34 2026 Sri Lanka Standard Time elapsed time: 11.301724 seconds (0d 0h 0m 11s)

---------------  T H R E A D  ---------------

Current thread (0x000002adfd8aa280):  JavaThread "C2 CompilerThread0" daemon [_thread_in_native, id=17428, stack(0x000000c61bd00000,0x000000c61be00000)]


Current CompileTask:
C2:  11301 4841       4       org.eclipse.osgi.internal.loader.BundleLoader::addExportedProvidersFor (167 bytes)

Stack: [0x000000c61bd00000,0x000000c61be00000]
Native frames: (J=compiled Java code, j=interpreted, Vv=VM code, C=native code)
V  [jvm.dll+0x67731a]
V  [jvm.dll+0x832284]
V  [jvm.dll+0x833a2e]
V  [jvm.dll+0x834093]
V  [jvm.dll+0x245775]
V  [jvm.dll+0xabd7b]
V  [jvm.dll+0xac30c]
V  [jvm.dll+0x363a42]
V  [jvm.dll+0x32e011]
V  [jvm.dll+0x32d4ba]
V  [jvm.dll+0x218681]
V  [jvm.dll+0x217aa1]
V  [jvm.dll+0x1a3f8d]
V  [jvm.dll+0x227498]
V  [jvm.dll+0x2255e5]
V  [jvm.dll+0x7e7e9b]
V  [jvm.dll+0x7e240a]
V  [jvm.dll+0x6761a5]
C  [ucrtbase.dll+0x37b0]
C  [KERNEL32.DLL+0x2e8d7]
C  [ntdll.dll+0x8c40c]


---------------  P R O C E S S  ---------------

Threads class SMR info:
_java_thread_list=0x000002ad92555a40, length=26, elements={
0x000002adf6e63de0, 0x000002adfd866d80, 0x000002adfd868d70, 0x000002adfbceeb00,
0x000002adfd877320, 0x000002adfd89e730, 0x000002adfd8a4320, 0x000002adfd8aa280,
0x000002adfd8bceb0, 0x000002adfd8c73c0, 0x000002adf6f235f0, 0x000002adfdb8c430,
0x000002adff588770, 0x000002ad8fca08d0, 0x000002ad8f9dba70, 0x000002ad8f96ed30,
0x000002ad8fd18ef0, 0x000002ad8fa053c0, 0x000002ad8fa06230, 0x000002ad8fa04ef0,
0x000002ad90867040, 0x000002ad8fa05d60, 0x000002ad8fa05890, 0x000002ad8fa04a20,
0x000002ad922b34e0, 0x000002ad922b6030
}

Java Threads: ( => current thread )
  0x000002adf6e63de0 JavaThread "main" [_thread_blocked, id=8300, stack(0x000000c61b400000,0x000000c61b500000)]
  0x000002adfd866d80 JavaThread "Reference Handler" daemon [_thread_blocked, id=26708, stack(0x000000c61b700000,0x000000c61b800000)]
  0x000002adfd868d70 JavaThread "Finalizer" daemon [_thread_blocked, id=11664, stack(0x000000c61b800000,0x000000c61b900000)]
  0x000002adfbceeb00 JavaThread "Signal Dispatcher" daemon [_thread_blocked, id=19928, stack(0x000000c61b900000,0x000000c61ba00000)]
  0x000002adfd877320 JavaThread "Attach Listener" daemon [_thread_blocked, id=16764, stack(0x000000c61ba00000,0x000000c61bb00000)]
  0x000002adfd89e730 JavaThread "Service Thread" daemon [_thread_blocked, id=27408, stack(0x000000c61bb00000,0x000000c61bc00000)]
  0x000002adfd8a4320 JavaThread "Monitor Deflation Thread" daemon [_thread_blocked, id=17276, stack(0x000000c61bc00000,0x000000c61bd00000)]
=>0x000002adfd8aa280 JavaThread "C2 CompilerThread0" daemon [_thread_in_native, id=17428, stack(0x000000c61bd00000,0x000000c61be00000)]
  0x000002adfd8bceb0 JavaThread "C1 CompilerThread0" daemon [_thread_blocked, id=13216, stack(0x000000c61be00000,0x000000c61bf00000)]
  0x000002adfd8c73c0 JavaThread "Sweeper thread" daemon [_thread_blocked, id=20348, stack(0x000000c61bf00000,0x000000c61c000000)]
  0x000002adf6f235f0 JavaThread "Common-Cleaner" daemon [_thread_blocked, id=11372, stack(0x000000c61c000000,0x000000c61c100000)]
  0x000002adfdb8c430 JavaThread "Notification Thread" daemon [_thread_blocked, id=13408, stack(0x000000c61c200000,0x000000c61c300000)]
  0x000002adff588770 JavaThread "Active Thread: Equinox Container: 74607ad0-7561-4d90-adb6-c3e1a0d12952" [_thread_blocked, id=33880, stack(0x000000c61ca00000,0x000000c61cb00000)]
  0x000002ad8fca08d0 JavaThread "Framework Event Dispatcher: Equinox Container: 74607ad0-7561-4d90-adb6-c3e1a0d12952" daemon [_thread_blocked, id=32320, stack(0x000000c61cb00000,0x000000c61cc00000)]
  0x000002ad8f9dba70 JavaThread "Start Level: Equinox Container: 74607ad0-7561-4d90-adb6-c3e1a0d12952" daemon [_thread_blocked, id=18612, stack(0x000000c61cc00000,0x000000c61cd00000)]
  0x000002ad8f96ed30 JavaThread "SCR Component Actor" daemon [_thread_blocked, id=9796, stack(0x000000c61cd00000,0x000000c61ce00000)]
  0x000002ad8fd18ef0 JavaThread "Worker-JM" [_thread_blocked, id=19632, stack(0x000000c61d000000,0x000000c61d100000)]
  0x000002ad8fa053c0 JavaThread "Worker-0" [_thread_blocked, id=21972, stack(0x000000c61d300000,0x000000c61d400000)]
  0x000002ad8fa06230 JavaThread "Worker-1" [_thread_blocked, id=33536, stack(0x000000c61d400000,0x000000c61d500000)]
  0x000002ad8fa04ef0 JavaThread "Java indexing" daemon [_thread_blocked, id=5552, stack(0x000000c61d200000,0x000000c61d300000)]
  0x000002ad90867040 JavaThread "C2 CompilerThread1" daemon [_thread_in_native, id=8500, stack(0x000000c61d500000,0x000000c61d600000)]
  0x000002ad8fa05d60 JavaThread "Worker-2" [_thread_blocked, id=24788, stack(0x000000c61d600000,0x000000c61d700000)]
  0x000002ad8fa05890 JavaThread "Worker-3: Initialize Workspace" [_thread_in_vm, id=12712, stack(0x000000c61d700000,0x000000c61d800000)]
  0x000002ad8fa04a20 JavaThread "JNA Cleaner" daemon [_thread_blocked, id=35264, stack(0x000000c61d800000,0x000000c61d900000)]
  0x000002ad922b34e0 JavaThread "pool-2-thread-1" [_thread_blocked, id=30320, stack(0x000000c61db00000,0x000000c61dc00000)]
  0x000002ad922b6030 JavaThread "pool-1-thread-1" [_thread_blocked, id=19312, stack(0x000000c61dc00000,0x000000c61dd00000)]

Other Threads:
  0x000002adfd8623d0 VMThread "VM Thread" [stack: 0x000000c61b600000,0x000000c61b700000] [id=34348]
  0x000002adfdbb5030 WatcherThread [stack: 0x000000c61c300000,0x000000c61c400000] [id=36180]
  0x000002adf6e78df0 GCTaskThread "GC Thread#0" [stack: 0x000000c61b500000,0x000000c61b600000] [id=34396]
  0x000002adff3dd550 GCTaskThread "GC Thread#1" [stack: 0x000000c61c100000,0x000000c61c200000] [id=16944]
  0x000002adff3dd800 GCTaskThread "GC Thread#2" [stack: 0x000000c61c400000,0x000000c61c500000] [id=17460]
  0x000002adff40d290 GCTaskThread "GC Thread#3" [stack: 0x000000c61c500000,0x000000c61c600000] [id=30772]
  0x000002adff40d540 GCTaskThread "GC Thread#4" [stack: 0x000000c61c600000,0x000000c61c700000] [id=1944]
  0x000002adff40d7f0 GCTaskThread "GC Thread#5" [stack: 0x000000c61c700000,0x000000c61c800000] [id=31988]
  0x000002ad8f982d20 GCTaskThread "GC Thread#6" [stack: 0x000000c61c900000,0x000000c61ca00000] [id=23432]
  0x000002ad8f9831e0 GCTaskThread "GC Thread#7" [stack: 0x000000c61ce00000,0x000000c61cf00000] [id=2528]
  0x000002ad8feafb30 GCTaskThread "GC Thread#8" [stack: 0x000000c61c800000,0x000000c61c900000] [id=17956]
  0x000002ad8feb0b50 GCTaskThread "GC Thread#9" [stack: 0x000000c61d100000,0x000000c61d200000] [id=33616]

Threads with active compile tasks:
C2 CompilerThread0    11341 4841       4       org.eclipse.osgi.internal.loader.BundleLoader::addExportedProvidersFor (167 bytes)
C2 CompilerThread1    11342 4870       4       org.eclipse.osgi.internal.loader.BundleLoader::searchHooks (192 bytes)

VM state: not at safepoint (normal execution)

VM Mutex/Monitor currently owned by a thread: None

Heap address: 0x00000000c0000000, size: 1024 MB, Compressed Oops mode: 32-bit

CDS archive(s) not mapped
Compressed class space mapped at: 0x0000000100000000-0x0000000140000000, reserved size: 1073741824
Narrow klass base: 0x0000000000000000, Narrow klass shift: 3, Narrow klass range: 0x140000000

GC Precious Log:
 CPUs: 12 total, 12 available
 Memory: 7541M
 Large Page Support: Disabled
 NUMA Support: Disabled
 Compressed Oops: Enabled (32-bit)
 Alignments: Space 512K, Generation 512K, Heap 2M
 Heap Min Capacity: 100M
 Heap Initial Capacity: 100M
 Heap Max Capacity: 1G
 Pre-touch: Disabled
 Parallel Workers: 10

Heap:
 PSYoungGen      total 21504K, used 21386K [0x00000000eab00000, 0x00000000eca00000, 0x0000000100000000)
  eden space 19456K, 99% used [0x00000000eab00000,0x00000000ebde2848,0x00000000ebe00000)
  from space 2048K, 100% used [0x00000000ec300000,0x00000000ec500000,0x00000000ec500000)
  to   space 5120K, 0% used [0x00000000ebe00000,0x00000000ebe00000,0x00000000ec300000)
 ParOldGen       total 68608K, used 28085K [0x00000000c0000000, 0x00000000c4300000, 0x00000000eab00000)
  object space 68608K, 40% used [0x00000000c0000000,0x00000000c1b6d4a8,0x00000000c4300000)
 Metaspace       used 47780K, committed 48640K, reserved 1097728K
  class space    used 5136K, committed 5504K, reserved 1048576K

Card table byte_map: [0x000002adf6810000,0x000002adf6a20000] _byte_map_base: 0x000002adf6210000

Marking Bits: (ParMarkBitMap*) 0x00007fff06ed2cc0
 Begin Bits: [0x000002adf9af0000, 0x000002adfaaf0000)
 End Bits:   [0x000002adfaaf0000, 0x000002adfbaf0000)

Polling page: 0x000002adf4d90000

Metaspace:

Usage:
  Non-class:     41.64 MB used.
      Class:      5.02 MB used.
       Both:     46.66 MB used.

Virtual space:
  Non-class space:       48.00 MB reserved,      42.12 MB ( 88%) committed,  6 nodes.
      Class space:        1.00 GB reserved,       5.38 MB ( <1%) committed,  1 nodes.
             Both:        1.05 GB reserved,      47.50 MB (  4%) committed. 

Chunk freelists:
   Non-Class:  1.36 MB
       Class:  2.48 MB
        Both:  3.84 MB

MaxMetaspaceSize: unlimited
CompressedClassSpaceSize: 1.00 GB
Initial GC threshold: 21.00 MB
Current GC threshold: 58.38 MB
CDS: off
MetaspaceReclaimPolicy: balanced
 - commit_granule_bytes: 65536.
 - commit_granule_words: 8192.
 - virtual_space_node_default_size: 1048576.
 - enlarge_chunks_in_place: 1.
 - new_chunks_are_fully_committed: 0.
 - uncommit_free_chunks: 1.
 - use_allocation_guard: 0.
 - handle_deallocations: 1.


Internal statistics:

num_allocs_failed_limit: 6.
num_arena_births: 324.
num_arena_deaths: 14.
num_vsnodes_births: 7.
num_vsnodes_deaths: 0.
num_space_committed: 760.
num_space_uncommitted: 0.
num_chunks_returned_to_freelist: 20.
num_chunks_taken_from_freelist: 2011.
num_chunk_merges: 10.
num_chunk_splits: 1317.
num_chunks_enlarged: 844.
num_purges: 2.
num_inconsistent_stats: 0.

CodeHeap 'non-profiled nmethods': size=120000Kb used=2261Kb max_used=2261Kb free=117739Kb
 bounds [0x000002ad87ad0000, 0x000002ad87d40000, 0x000002ad8f000000]
CodeHeap 'profiled nmethods': size=120000Kb used=9845Kb max_used=9845Kb free=110154Kb
 bounds [0x000002ad805a0000, 0x000002ad80f40000, 0x000002ad87ad0000]
CodeHeap 'non-nmethods': size=5760Kb used=1283Kb max_used=1329Kb free=4476Kb
 bounds [0x000002ad80000000, 0x000002ad80270000, 0x000002ad805a0000]
 total_blobs=5411 nmethods=4805 adapters=519
 compilation: enabled
              stopped_count=0, restarted_count=0
 full_count=0

Compilation events (20 events):
Event: 10.231 Thread 0x000002adfd8bceb0 4864       3       org.objectweb.asm.ClassReader::readVerificationTypeInfo (184 bytes)
Event: 10.232 Thread 0x000002adfd8bceb0 nmethod 4864 0x000002ad80f36990 code [0x000002ad80f36ce0, 0x000002ad80f385a8]
Event: 10.232 Thread 0x000002adfd8bceb0 4852       1       lombok.patcher.MethodLogistics::getReturnOpcode (5 bytes)
Event: 10.232 Thread 0x000002adfd8bceb0 nmethod 4852 0x000002ad87d04e10 code [0x000002ad87d04fa0, 0x000002ad87d05078]
Event: 10.232 Thread 0x000002adfd8bceb0 4853       1       lombok.patcher.scripts.WrapReturnValuesScript::access$1 (5 bytes)
Event: 10.232 Thread 0x000002adfd8bceb0 nmethod 4853 0x000002ad87d05110 code [0x000002ad87d052a0, 0x000002ad87d05358]
Event: 10.242 Thread 0x000002ad90867040 4870       4       org.eclipse.osgi.internal.loader.BundleLoader::searchHooks (192 bytes)
Event: 10.255 Thread 0x000002adfd8bceb0 4871       3       java.util.stream.Collectors$CollectorImpl::<init> (32 bytes)
Event: 10.255 Thread 0x000002adfd8bceb0 nmethod 4871 0x000002ad80f38e10 code [0x000002ad80f38fa0, 0x000002ad80f39178]
Event: 10.270 Thread 0x000002adfd8bceb0 4872       3       java.util.stream.ReferencePipeline::collect (124 bytes)
Event: 10.272 Thread 0x000002adfd8bceb0 nmethod 4872 0x000002ad80f39210 code [0x000002ad80f394a0, 0x000002ad80f3a0e8]
Event: 10.272 Thread 0x000002adfd8bceb0 4873       3       java.util.stream.ReduceOps::makeRef (42 bytes)
Event: 10.273 Thread 0x000002adfd8bceb0 nmethod 4873 0x000002ad80f3a510 code [0x000002ad80f3a700, 0x000002ad80f3ad68]
Event: 10.273 Thread 0x000002adfd8bceb0 4874       3       java.util.stream.ReduceOps$3::<init> (28 bytes)
Event: 10.273 Thread 0x000002adfd8bceb0 nmethod 4874 0x000002ad80f3b010 code [0x000002ad80f3b1c0, 0x000002ad80f3b3f8]
Event: 10.278 Thread 0x000002adfd8bceb0 4875       3       org.objectweb.asm.MethodVisitor::visitFrame (22 bytes)
Event: 10.279 Thread 0x000002adfd8bceb0 nmethod 4875 0x000002ad80f3b510 code [0x000002ad80f3b6c0, 0x000002ad80f3b8c8]
Event: 10.279 Thread 0x000002adfd8bceb0 4877       3       org.objectweb.asm.MethodWriter::endCurrentBasicBlockWithNoSuccessor (94 bytes)
Event: 10.280 Thread 0x000002adfd8bceb0 nmethod 4877 0x000002ad80f3b990 code [0x000002ad80f3bb60, 0x000002ad80f3bff8]
Event: 10.505 Thread 0x000002adfd8bceb0 4878       3       java.util.ArrayList$ArrayListSpliterator::forEachRemaining (127 bytes)

GC Heap History (20 events):
Event: 5.085 GC heap before
{Heap before GC invocations=11 (full 2):
 PSYoungGen      total 27136K, used 24064K [0x00000000eab00000, 0x00000000eca80000, 0x0000000100000000)
  eden space 24064K, 100% used [0x00000000eab00000,0x00000000ec280000,0x00000000ec280000)
  from space 3072K, 0% used [0x00000000ec680000,0x00000000ec680000,0x00000000ec980000)
  to   space 4096K, 0% used [0x00000000ec280000,0x00000000ec280000,0x00000000ec680000)
 ParOldGen       total 68608K, used 12200K [0x00000000c0000000, 0x00000000c4300000, 0x00000000eab00000)
  object space 68608K, 17% used [0x00000000c0000000,0x00000000c0bea0f8,0x00000000c4300000)
 Metaspace       used 37526K, committed 38272K, reserved 1089536K
  class space    used 3925K, committed 4288K, reserved 1048576K
}
Event: 5.087 GC heap after
{Heap after GC invocations=11 (full 2):
 PSYoungGen      total 24576K, used 800K [0x00000000eab00000, 0x00000000ec700000, 0x0000000100000000)
  eden space 23552K, 0% used [0x00000000eab00000,0x00000000eab00000,0x00000000ec200000)
  from space 1024K, 78% used [0x00000000ec280000,0x00000000ec348000,0x00000000ec380000)
  to   space 2048K, 0% used [0x00000000ec500000,0x00000000ec500000,0x00000000ec700000)
 ParOldGen       total 68608K, used 12208K [0x00000000c0000000, 0x00000000c4300000, 0x00000000eab00000)
  object space 68608K, 17% used [0x00000000c0000000,0x00000000c0bec0f8,0x00000000c4300000)
 Metaspace       used 37526K, committed 38272K, reserved 1089536K
  class space    used 3925K, committed 4288K, reserved 1048576K
}
Event: 5.456 GC heap before
{Heap before GC invocations=12 (full 2):
 PSYoungGen      total 24576K, used 24352K [0x00000000eab00000, 0x00000000ec700000, 0x0000000100000000)
  eden space 23552K, 100% used [0x00000000eab00000,0x00000000ec200000,0x00000000ec200000)
  from space 1024K, 78% used [0x00000000ec280000,0x00000000ec348000,0x00000000ec380000)
  to   space 2048K, 0% used [0x00000000ec500000,0x00000000ec500000,0x00000000ec700000)
 ParOldGen       total 68608K, used 12208K [0x00000000c0000000, 0x00000000c4300000, 0x00000000eab00000)
  object space 68608K, 17% used [0x00000000c0000000,0x00000000c0bec0f8,0x00000000c4300000)
 Metaspace       used 40364K, committed 41088K, reserved 1089536K
  class space    used 4280K, committed 4608K, reserved 1048576K
}
Event: 5.458 GC heap after
{Heap after GC invocations=12 (full 2):
 PSYoungGen      total 25088K, used 1792K [0x00000000eab00000, 0x00000000ec700000, 0x0000000100000000)
  eden space 23040K, 0% used [0x00000000eab00000,0x00000000eab00000,0x00000000ec180000)
  from space 2048K, 87% used [0x00000000ec500000,0x00000000ec6c0000,0x00000000ec700000)
  to   space 2048K, 0% used [0x00000000ec300000,0x00000000ec300000,0x00000000ec500000)
 ParOldGen       total 68608K, used 12216K [0x00000000c0000000, 0x00000000c4300000, 0x00000000eab00000)
  object space 68608K, 17% used [0x00000000c0000000,0x00000000c0bee0f8,0x00000000c4300000)
 Metaspace       used 40364K, committed 41088K, reserved 1089536K
  class space    used 4280K, committed 4608K, reserved 1048576K
}
Event: 7.313 GC heap before
{Heap before GC invocations=13 (full 2):
 PSYoungGen      total 25088K, used 24832K [0x00000000eab00000, 0x00000000ec700000, 0x0000000100000000)
  eden space 23040K, 100% used [0x00000000eab00000,0x00000000ec180000,0x00000000ec180000)
  from space 2048K, 87% used [0x00000000ec500000,0x00000000ec6c0000,0x00000000ec700000)
  to   space 2048K, 0% used [0x00000000ec300000,0x00000000ec300000,0x00000000ec500000)
 ParOldGen       total 68608K, used 12216K [0x00000000c0000000, 0x00000000c4300000, 0x00000000eab00000)
  object space 68608K, 17% used [0x00000000c0000000,0x00000000c0bee0f8,0x00000000c4300000)
 Metaspace       used 43323K, committed 44032K, reserved 1089536K
  class space    used 4649K, committed 4992K, reserved 1048576K
}
Event: 7.318 GC heap after
{Heap after GC invocations=13 (full 2):
 PSYoungGen      total 24064K, used 1472K [0x00000000eab00000, 0x00000000ec580000, 0x0000000100000000)
  eden space 22528K, 0% used [0x00000000eab00000,0x00000000eab00000,0x00000000ec100000)
  from space 1536K, 95% used [0x00000000ec300000,0x00000000ec470000,0x00000000ec480000)
  to   space 1024K, 0% used [0x00000000ec480000,0x00000000ec480000,0x00000000ec580000)
 ParOldGen       total 68608K, used 13823K [0x00000000c0000000, 0x00000000c4300000, 0x00000000eab00000)
  object space 68608K, 20% used [0x00000000c0000000,0x00000000c0d7ff50,0x00000000c4300000)
 Metaspace       used 43323K, committed 44032K, reserved 1089536K
  class space    used 4649K, committed 4992K, reserved 1048576K
}
Event: 7.894 GC heap before
{Heap before GC invocations=14 (full 2):
 PSYoungGen      total 24064K, used 24000K [0x00000000eab00000, 0x00000000ec580000, 0x0000000100000000)
  eden space 22528K, 100% used [0x00000000eab00000,0x00000000ec100000,0x00000000ec100000)
  from space 1536K, 95% used [0x00000000ec300000,0x00000000ec470000,0x00000000ec480000)
  to   space 1024K, 0% used [0x00000000ec480000,0x00000000ec480000,0x00000000ec580000)
 ParOldGen       total 68608K, used 13823K [0x00000000c0000000, 0x00000000c4300000, 0x00000000eab00000)
  object space 68608K, 20% used [0x00000000c0000000,0x00000000c0d7ff50,0x00000000c4300000)
 Metaspace       used 45741K, committed 46528K, reserved 1097728K
  class space    used 4938K, committed 5312K, reserved 1048576K
}
Event: 7.898 GC heap after
{Heap after GC invocations=14 (full 2):
 PSYoungGen      total 22528K, used 1015K [0x00000000eab00000, 0x00000000ec980000, 0x0000000100000000)
  eden space 21504K, 0% used [0x00000000eab00000,0x00000000eab00000,0x00000000ec000000)
  from space 1024K, 99% used [0x00000000ec480000,0x00000000ec57df80,0x00000000ec580000)
  to   space 4608K, 0% used [0x00000000ec000000,0x00000000ec000000,0x00000000ec480000)
 ParOldGen       total 68608K, used 16847K [0x00000000c0000000, 0x00000000c4300000, 0x00000000eab00000)
  object space 68608K, 24% used [0x00000000c0000000,0x00000000c1073c60,0x00000000c4300000)
 Metaspace       used 45741K, committed 46528K, reserved 1097728K
  class space    used 4938K, committed 5312K, reserved 1048576K
}
Event: 8.066 GC heap before
{Heap before GC invocations=15 (full 2):
 PSYoungGen      total 22528K, used 22519K [0x00000000eab00000, 0x00000000ec980000, 0x0000000100000000)
  eden space 21504K, 100% used [0x00000000eab00000,0x00000000ec000000,0x00000000ec000000)
  from space 1024K, 99% used [0x00000000ec480000,0x00000000ec57df80,0x00000000ec580000)
  to   space 4608K, 0% used [0x00000000ec000000,0x00000000ec000000,0x00000000ec480000)
 ParOldGen       total 68608K, used 16847K [0x00000000c0000000, 0x00000000c4300000, 0x00000000eab00000)
  object space 68608K, 24% used [0x00000000c0000000,0x00000000c1073c60,0x00000000c4300000)
 Metaspace       used 45894K, committed 46656K, reserved 1097728K
  class space    used 4956K, committed 5312K, reserved 1048576K
}
Event: 8.069 GC heap after
{Heap after GC invocations=15 (full 2):
 PSYoungGen      total 23552K, used 2016K [0x00000000eab00000, 0x00000000ec600000, 0x0000000100000000)
  eden space 21504K, 0% used [0x00000000eab00000,0x00000000eab00000,0x00000000ec000000)
  from space 2048K, 98% used [0x00000000ec000000,0x00000000ec1f8010,0x00000000ec200000)
  to   space 3072K, 0% used [0x00000000ec300000,0x00000000ec300000,0x00000000ec600000)
 ParOldGen       total 68608K, used 17873K [0x00000000c0000000, 0x00000000c4300000, 0x00000000eab00000)
  object space 68608K, 26% used [0x00000000c0000000,0x00000000c1174770,0x00000000c4300000)
 Metaspace       used 45894K, committed 46656K, reserved 1097728K
  class space    used 4956K, committed 5312K, reserved 1048576K
}
Event: 8.213 GC heap before
{Heap before GC invocations=16 (full 2):
 PSYoungGen      total 23552K, used 23520K [0x00000000eab00000, 0x00000000ec600000, 0x0000000100000000)
  eden space 21504K, 100% used [0x00000000eab00000,0x00000000ec000000,0x00000000ec000000)
  from space 2048K, 98% used [0x00000000ec000000,0x00000000ec1f8010,0x00000000ec200000)
  to   space 3072K, 0% used [0x00000000ec300000,0x00000000ec300000,0x00000000ec600000)
 ParOldGen       total 68608K, used 17873K [0x00000000c0000000, 0x00000000c4300000, 0x00000000eab00000)
  object space 68608K, 26% used [0x00000000c0000000,0x00000000c1174770,0x00000000c4300000)
 Metaspace       used 45979K, committed 46784K, reserved 1097728K
  class space    used 4959K, committed 5312K, reserved 1048576K
}
Event: 8.217 GC heap after
{Heap after GC invocations=16 (full 2):
 PSYoungGen      total 23552K, used 1856K [0x00000000eab00000, 0x00000000ec500000, 0x0000000100000000)
  eden space 21504K, 0% used [0x00000000eab00000,0x00000000eab00000,0x00000000ec000000)
  from space 2048K, 90% used [0x00000000ec300000,0x00000000ec4d0000,0x00000000ec500000)
  to   space 2048K, 0% used [0x00000000ec000000,0x00000000ec000000,0x00000000ec200000)
 ParOldGen       total 68608K, used 19717K [0x00000000c0000000, 0x00000000c4300000, 0x00000000eab00000)
  object space 68608K, 28% used [0x00000000c0000000,0x00000000c1341790,0x00000000c4300000)
 Metaspace       used 45979K, committed 46784K, reserved 1097728K
  class space    used 4959K, committed 5312K, reserved 1048576K
}
Event: 8.312 GC heap before
{Heap before GC invocations=17 (full 2):
 PSYoungGen      total 23552K, used 23360K [0x00000000eab00000, 0x00000000ec500000, 0x0000000100000000)
  eden space 21504K, 100% used [0x00000000eab00000,0x00000000ec000000,0x00000000ec000000)
  from space 2048K, 90% used [0x00000000ec300000,0x00000000ec4d0000,0x00000000ec500000)
  to   space 2048K, 0% used [0x00000000ec000000,0x00000000ec000000,0x00000000ec200000)
 ParOldGen       total 68608K, used 19717K [0x00000000c0000000, 0x00000000c4300000, 0x00000000eab00000)
  object space 68608K, 28% used [0x00000000c0000000,0x00000000c1341790,0x00000000c4300000)
 Metaspace       used 46024K, committed 46784K, reserved 1097728K
  class space    used 4969K, committed 5312K, reserved 1048576K
}
Event: 8.316 GC heap after
{Heap after GC invocations=17 (full 2):
 PSYoungGen      total 23552K, used 2016K [0x00000000eab00000, 0x00000000ec900000, 0x0000000100000000)
  eden space 21504K, 0% used [0x00000000eab00000,0x00000000eab00000,0x00000000ec000000)
  from space 2048K, 98% used [0x00000000ec000000,0x00000000ec1f8010,0x00000000ec200000)
  to   space 4608K, 0% used [0x00000000ec480000,0x00000000ec480000,0x00000000ec900000)
 ParOldGen       total 68608K, used 21725K [0x00000000c0000000, 0x00000000c4300000, 0x00000000eab00000)
  object space 68608K, 31% used [0x00000000c0000000,0x00000000c15377a0,0x00000000c4300000)
 Metaspace       used 46024K, committed 46784K, reserved 1097728K
  class space    used 4969K, committed 5312K, reserved 1048576K
}
Event: 8.367 GC heap before
{Heap before GC invocations=18 (full 2):
 PSYoungGen      total 23552K, used 23520K [0x00000000eab00000, 0x00000000ec900000, 0x0000000100000000)
  eden space 21504K, 100% used [0x00000000eab00000,0x00000000ec000000,0x00000000ec000000)
  from space 2048K, 98% used [0x00000000ec000000,0x00000000ec1f8010,0x00000000ec200000)
  to   space 4608K, 0% used [0x00000000ec480000,0x00000000ec480000,0x00000000ec900000)
 ParOldGen       total 68608K, used 21725K [0x00000000c0000000, 0x00000000c4300000, 0x00000000eab00000)
  object space 68608K, 31% used [0x00000000c0000000,0x00000000c15377a0,0x00000000c4300000)
 Metaspace       used 46026K, committed 46784K, reserved 1097728K
  class space    used 4969K, committed 5312K, reserved 1048576K
}
Event: 8.371 GC heap after
{Heap after GC invocations=18 (full 2):
 PSYoungGen      total 23552K, used 2048K [0x00000000eab00000, 0x00000000ec680000, 0x0000000100000000)
  eden space 21504K, 0% used [0x00000000eab00000,0x00000000eab00000,0x00000000ec000000)
  from space 2048K, 100% used [0x00000000ec480000,0x00000000ec680000,0x00000000ec680000)
  to   space 3072K, 0% used [0x00000000ec080000,0x00000000ec080000,0x00000000ec380000)
 ParOldGen       total 68608K, used 23759K [0x00000000c0000000, 0x00000000c4300000, 0x00000000eab00000)
  object space 68608K, 34% used [0x00000000c0000000,0x00000000c1733c18,0x00000000c4300000)
 Metaspace       used 46026K, committed 46784K, reserved 1097728K
  class space    used 4969K, committed 5312K, reserved 1048576K
}
Event: 8.426 GC heap before
{Heap before GC invocations=19 (full 2):
 PSYoungGen      total 23552K, used 23552K [0x00000000eab00000, 0x00000000ec680000, 0x0000000100000000)
  eden space 21504K, 100% used [0x00000000eab00000,0x00000000ec000000,0x00000000ec000000)
  from space 2048K, 100% used [0x00000000ec480000,0x00000000ec680000,0x00000000ec680000)
  to   space 3072K, 0% used [0x00000000ec080000,0x00000000ec080000,0x00000000ec380000)
 ParOldGen       total 68608K, used 23759K [0x00000000c0000000, 0x00000000c4300000, 0x00000000eab00000)
  object space 68608K, 34% used [0x00000000c0000000,0x00000000c1733c18,0x00000000c4300000)
 Metaspace       used 46026K, committed 46784K, reserved 1097728K
  class space    used 4969K, committed 5312K, reserved 1048576K
}
Event: 8.430 GC heap after
{Heap after GC invocations=19 (full 2):
 PSYoungGen      total 24064K, used 2304K [0x00000000eab00000, 0x00000000ec500000, 0x0000000100000000)
  eden space 21504K, 0% used [0x00000000eab00000,0x00000000eab00000,0x00000000ec000000)
  from space 2560K, 90% used [0x00000000ec080000,0x00000000ec2c0010,0x00000000ec300000)
  to   space 2048K, 0% used [0x00000000ec300000,0x00000000ec300000,0x00000000ec500000)
 ParOldGen       total 68608K, used 25703K [0x00000000c0000000, 0x00000000c4300000, 0x00000000eab00000)
  object space 68608K, 37% used [0x00000000c0000000,0x00000000c1919c18,0x00000000c4300000)
 Metaspace       used 46026K, committed 46784K, reserved 1097728K
  class space    used 4969K, committed 5312K, reserved 1048576K
}
Event: 8.641 GC heap before
{Heap before GC invocations=20 (full 2):
 PSYoungGen      total 24064K, used 23808K [0x00000000eab00000, 0x00000000ec500000, 0x0000000100000000)
  eden space 21504K, 100% used [0x00000000eab00000,0x00000000ec000000,0x00000000ec000000)
  from space 2560K, 90% used [0x00000000ec080000,0x00000000ec2c0010,0x00000000ec300000)
  to   space 2048K, 0% used [0x00000000ec300000,0x00000000ec300000,0x00000000ec500000)
 ParOldGen       total 68608K, used 25703K [0x00000000c0000000, 0x00000000c4300000, 0x00000000eab00000)
  object space 68608K, 37% used [0x00000000c0000000,0x00000000c1919c18,0x00000000c4300000)
 Metaspace       used 46301K, committed 47040K, reserved 1097728K
  class space    used 4986K, committed 5312K, reserved 1048576K
}
Event: 8.646 GC heap after
{Heap after GC invocations=20 (full 2):
 PSYoungGen      total 21504K, used 2048K [0x00000000eab00000, 0x00000000eca00000, 0x0000000100000000)
  eden space 19456K, 0% used [0x00000000eab00000,0x00000000eab00000,0x00000000ebe00000)
  from space 2048K, 100% used [0x00000000ec300000,0x00000000ec500000,0x00000000ec500000)
  to   space 5120K, 0% used [0x00000000ebe00000,0x00000000ebe00000,0x00000000ec300000)
 ParOldGen       total 68608K, used 28085K [0x00000000c0000000, 0x00000000c4300000, 0x00000000eab00000)
  object space 68608K, 40% used [0x00000000c0000000,0x00000000c1b6d4a8,0x00000000c4300000)
 Metaspace       used 46301K, committed 47040K, reserved 1097728K
  class space    used 4986K, committed 5312K, reserved 1048576K
}

Deoptimization events (20 events):
Event: 10.119 Thread 0x000002ad8fa05890 Uncommon trap: trap_request=0xffffffde fr.pc=0x000002ad87ca2bc8 relative=0x0000000000000128
Event: 10.119 Thread 0x000002ad8fa05890 Uncommon trap: reason=class_check action=maybe_recompile pc=0x000002ad87ca2bc8 method=java.util.ArrayList$ArrayListSpliterator.tryAdvance(Ljava/util/function/Consumer;)Z @ 48 c2
Event: 10.119 Thread 0x000002ad8fa05890 DEOPT PACKING pc=0x000002ad87ca2bc8 sp=0x000000c61d7ff120
Event: 10.119 Thread 0x000002ad8fa05890 DEOPT UNPACKING pc=0x000002ad800520a3 sp=0x000000c61d7ff0b0 mode 2
Event: 10.119 Thread 0x000002ad8fa05890 Uncommon trap: trap_request=0xffffffc6 fr.pc=0x000002ad87c983bc relative=0x000000000000009c
Event: 10.119 Thread 0x000002ad8fa05890 Uncommon trap: reason=bimorphic_or_optimized_type_check action=maybe_recompile pc=0x000002ad87c983bc method=java.util.stream.Sink$ChainedReference.cancellationRequested()Z @ 4 c2
Event: 10.119 Thread 0x000002ad8fa05890 DEOPT PACKING pc=0x000002ad87c983bc sp=0x000000c61d7ff140
Event: 10.119 Thread 0x000002ad8fa05890 DEOPT UNPACKING pc=0x000002ad800520a3 sp=0x000000c61d7ff0d0 mode 2
Event: 10.213 Thread 0x000002ad8fa05890 Uncommon trap: trap_request=0xffffff45 fr.pc=0x000002ad87bd0b28 relative=0x0000000000000128
Event: 10.213 Thread 0x000002ad8fa05890 Uncommon trap: reason=unstable_if action=reinterpret pc=0x000002ad87bd0b28 method=org.objectweb.asm.ByteVector.putByteArray([BII)Lorg/objectweb/asm/ByteVector; @ 20 c2
Event: 10.213 Thread 0x000002ad8fa05890 DEOPT PACKING pc=0x000002ad87bd0b28 sp=0x000000c61d7f88b0
Event: 10.213 Thread 0x000002ad8fa05890 DEOPT UNPACKING pc=0x000002ad800520a3 sp=0x000000c61d7f8880 mode 2
Event: 10.213 Thread 0x000002ad8fa05890 Uncommon trap: trap_request=0xffffff45 fr.pc=0x000002ad87d03b78 relative=0x00000000000002d8
Event: 10.213 Thread 0x000002ad8fa05890 Uncommon trap: reason=unstable_if action=reinterpret pc=0x000002ad87d03b78 method=org.objectweb.asm.Label.resolve([BI)Z @ 80 c2
Event: 10.213 Thread 0x000002ad8fa05890 DEOPT PACKING pc=0x000002ad87d03b78 sp=0x000000c61d7f8920
Event: 10.213 Thread 0x000002ad8fa05890 DEOPT UNPACKING pc=0x000002ad800520a3 sp=0x000000c61d7f8820 mode 2
Event: 10.213 Thread 0x000002ad8fa05890 Uncommon trap: trap_request=0xffffff45 fr.pc=0x000002ad87d04274 relative=0x00000000000001d4
Event: 10.213 Thread 0x000002ad8fa05890 Uncommon trap: reason=unstable_if action=reinterpret pc=0x000002ad87d04274 method=org.objectweb.asm.Label.resolve([BI)Z @ 80 c2
Event: 10.213 Thread 0x000002ad8fa05890 DEOPT PACKING pc=0x000002ad87d04274 sp=0x000000c61d7f8890
Event: 10.213 Thread 0x000002ad8fa05890 DEOPT UNPACKING pc=0x000002ad800520a3 sp=0x000000c61d7f8810 mode 2

Classes unloaded (7 events):
Event: 2.924 Thread 0x000002adfd8623d0 Unloading class 0x000000010020fc00 'java/lang/invoke/LambdaForm$MH+0x000000010020fc00'
Event: 2.924 Thread 0x000002adfd8623d0 Unloading class 0x000000010020f800 'java/lang/invoke/LambdaForm$MH+0x000000010020f800'
Event: 2.924 Thread 0x000002adfd8623d0 Unloading class 0x000000010020f400 'java/lang/invoke/LambdaForm$MH+0x000000010020f400'
Event: 2.924 Thread 0x000002adfd8623d0 Unloading class 0x000000010020ec00 'java/lang/invoke/LambdaForm$MH+0x000000010020ec00'
Event: 2.924 Thread 0x000002adfd8623d0 Unloading class 0x000000010020e800 'java/lang/invoke/LambdaForm$BMH+0x000000010020e800'
Event: 2.924 Thread 0x000002adfd8623d0 Unloading class 0x000000010020e400 'java/lang/invoke/LambdaForm$DMH+0x000000010020e400'
Event: 2.924 Thread 0x000002adfd8623d0 Unloading class 0x000000010020a400 'java/lang/invoke/LambdaForm$DMH+0x000000010020a400'

Classes redefined (0 events):
No events

Internal exceptions (20 events):
Event: 10.106 Thread 0x000002ad8fa05890 Exception <a 'sun/nio/fs/WindowsException'{0x00000000eb3645f8}> (0x00000000eb3645f8) 
thrown [s\src\hotspot\share\prims\jni.cpp, line 516]
Event: 10.107 Thread 0x000002ad8fa05890 Exception <a 'sun/nio/fs/WindowsException'{0x00000000eb368b70}> (0x00000000eb368b70) 
thrown [s\src\hotspot\share\prims\jni.cpp, line 516]
Event: 10.108 Thread 0x000002ad8fa05890 Exception <a 'sun/nio/fs/WindowsException'{0x00000000eb36c150}> (0x00000000eb36c150) 
thrown [s\src\hotspot\share\prims\jni.cpp, line 516]
Event: 10.108 Thread 0x000002ad8fa05890 Exception <a 'sun/nio/fs/WindowsException'{0x00000000eb36fd08}> (0x00000000eb36fd08) 
thrown [s\src\hotspot\share\prims\jni.cpp, line 516]
Event: 10.109 Thread 0x000002ad8fa05890 Exception <a 'sun/nio/fs/WindowsException'{0x00000000eb373bb8}> (0x00000000eb373bb8) 
thrown [s\src\hotspot\share\prims\jni.cpp, line 516]
Event: 10.109 Thread 0x000002ad8fa05890 Exception <a 'sun/nio/fs/WindowsException'{0x00000000eb376db8}> (0x00000000eb376db8) 
thrown [s\src\hotspot\share\prims\jni.cpp, line 516]
Event: 10.110 Thread 0x000002ad8fa05890 Exception <a 'sun/nio/fs/WindowsException'{0x00000000eb37a260}> (0x00000000eb37a260) 
thrown [s\src\hotspot\share\prims\jni.cpp, line 516]
Event: 10.110 Thread 0x000002ad8fa05890 Exception <a 'sun/nio/fs/WindowsException'{0x00000000eb37d680}> (0x00000000eb37d680) 
thrown [s\src\hotspot\share\prims\jni.cpp, line 516]
Event: 10.111 Thread 0x000002ad8fa05890 Exception <a 'sun/nio/fs/WindowsException'{0x00000000eb381970}> (0x00000000eb381970) 
thrown [s\src\hotspot\share\prims\jni.cpp, line 516]
Event: 10.111 Thread 0x000002ad8fa05890 Exception <a 'sun/nio/fs/WindowsException'{0x00000000eb385c88}> (0x00000000eb385c88) 
thrown [s\src\hotspot\share\prims\jni.cpp, line 516]
Event: 10.112 Thread 0x000002ad8fa05890 Exception <a 'sun/nio/fs/WindowsException'{0x00000000eb38a960}> (0x00000000eb38a960) 
thrown [s\src\hotspot\share\prims\jni.cpp, line 516]
Event: 10.112 Thread 0x000002ad8fa05890 Exception <a 'sun/nio/fs/WindowsException'{0x00000000eb38dc58}> (0x00000000eb38dc58) 
thrown [s\src\hotspot\share\prims\jni.cpp, line 516]
Event: 10.112 Thread 0x000002ad8fa05890 Exception <a 'sun/nio/fs/WindowsException'{0x00000000eb390e58}> (0x00000000eb390e58) 
thrown [s\src\hotspot\share\prims\jni.cpp, line 516]
Event: 10.113 Thread 0x000002ad8fa05890 Exception <a 'sun/nio/fs/WindowsException'{0x00000000eb394d00}> (0x00000000eb394d00) 
thrown [s\src\hotspot\share\prims\jni.cpp, line 516]
Event: 10.114 Thread 0x000002ad8fa05890 Exception <a 'sun/nio/fs/WindowsException'{0x00000000eb3981b0}> (0x00000000eb3981b0) 
thrown [s\src\hotspot\share\prims\jni.cpp, line 516]
Event: 10.115 Thread 0x000002ad8fa05890 Exception <a 'sun/nio/fs/WindowsException'{0x00000000eb39bc48}> (0x00000000eb39bc48) 
thrown [s\src\hotspot\share\prims\jni.cpp, line 516]
Event: 10.115 Thread 0x000002ad8fa05890 Exception <a 'sun/nio/fs/WindowsException'{0x00000000eb39f390}> (0x00000000eb39f390) 
thrown [s\src\hotspot\share\prims\jni.cpp, line 516]
Event: 10.116 Thread 0x000002ad8fa05890 Exception <a 'sun/nio/fs/WindowsException'{0x00000000eb3a2e20}> (0x00000000eb3a2e20) 
thrown [s\src\hotspot\share\prims\jni.cpp, line 516]
Event: 10.116 Thread 0x000002ad8fa05890 Exception <a 'sun/nio/fs/WindowsException'{0x00000000eb3a65e8}> (0x00000000eb3a65e8) 
thrown [s\src\hotspot\share\prims\jni.cpp, line 516]
Event: 10.213 Thread 0x000002ad8fa05890 Implicit null exception at 0x000002ad87bd0a48 to 0x000002ad87bd0b08

VM Operations (20 events):
Event: 7.893 Executing VM operation: ParallelGCFailedAllocation
Event: 7.898 Executing VM operation: ParallelGCFailedAllocation done
Event: 8.065 Executing VM operation: ParallelGCFailedAllocation
Event: 8.069 Executing VM operation: ParallelGCFailedAllocation done
Event: 8.213 Executing VM operation: ParallelGCFailedAllocation
Event: 8.217 Executing VM operation: ParallelGCFailedAllocation done
Event: 8.312 Executing VM operation: ParallelGCFailedAllocation
Event: 8.317 Executing VM operation: ParallelGCFailedAllocation done
Event: 8.367 Executing VM operation: ParallelGCFailedAllocation
Event: 8.371 Executing VM operation: ParallelGCFailedAllocation done
Event: 8.425 Executing VM operation: ParallelGCFailedAllocation
Event: 8.430 Executing VM operation: ParallelGCFailedAllocation done
Event: 8.641 Executing VM operation: ParallelGCFailedAllocation
Event: 8.646 Executing VM operation: ParallelGCFailedAllocation done
Event: 9.650 Executing VM operation: Cleanup
Event: 9.650 Executing VM operation: Cleanup done
Event: 10.157 Executing VM operation: HandshakeAllThreads
Event: 10.157 Executing VM operation: HandshakeAllThreads done
Event: 11.158 Executing VM operation: Cleanup
Event: 11.159 Executing VM operation: Cleanup done

Events (20 events):
Event: 7.825 loading class java/lang/ThreadLocal$SuppliedThreadLocal done
Event: 7.876 loading class java/nio/channels/Channels$ReadableByteChannelImpl
Event: 7.877 loading class java/nio/channels/Channels$ReadableByteChannelImpl done
Event: 7.877 loading class java/nio/channels/NonWritableChannelException
Event: 7.877 loading class java/nio/channels/NonWritableChannelException done
Event: 7.877 loading class sun/nio/ch/ChannelInputStream
Event: 7.878 loading class sun/nio/ch/ChannelInputStream done
Event: 8.372 Thread 0x000002ad8fb006f0 Thread exited: 0x000002ad8fb006f0
Event: 8.524 loading class java/nio/file/SimpleFileVisitor
Event: 8.525 loading class java/nio/file/SimpleFileVisitor done
Event: 8.525 loading class java/nio/file/FileTreeWalker$1
Event: 8.525 loading class java/nio/file/FileTreeWalker$1 done
Event: 8.526 loading class sun/nio/fs/Globs
Event: 8.526 loading class sun/nio/fs/Globs done
Event: 8.526 loading class java/util/regex/Pattern$SliceU
Event: 8.526 loading class java/util/regex/Pattern$SliceU done
Event: 8.526 loading class sun/nio/fs/WindowsFileSystem$2
Event: 8.526 loading class java/nio/file/PathMatcher
Event: 8.526 loading class java/nio/file/PathMatcher done
Event: 8.526 loading class sun/nio/fs/WindowsFileSystem$2 done


Dynamic libraries:
0x00007ff6debd0000 - 0x00007ff6debde000 	c:\Users\Nishtar\.antigravity\extensions\redhat.java-1.12.0-win32-x64\jre\17.0.4.1-win32-x86_64\bin\java.exe
0x00007fffefba0000 - 0x00007fffefe08000 	C:\WINDOWS\SYSTEM32\ntdll.dll
0x00007fffedea0000 - 0x00007fffedf69000 	C:\WINDOWS\System32\KERNEL32.DLL
0x00007fffece20000 - 0x00007fffed211000 	C:\WINDOWS\System32\KERNELBASE.dll
0x00007fffed7f0000 - 0x00007fffed93b000 	C:\WINDOWS\System32\ucrtbase.dll
0x00007fffb5d30000 - 0x00007fffb5d48000 	c:\Users\Nishtar\.antigravity\extensions\redhat.java-1.12.0-win32-x64\jre\17.0.4.1-win32-x86_64\bin\jli.dll
0x00007fffb5f10000 - 0x00007fffb5f29000 	c:\Users\Nishtar\.antigravity\extensions\redhat.java-1.12.0-win32-x64\jre\17.0.4.1-win32-x86_64\bin\VCRUNTIME140.dll
0x00007fffef7e0000 - 0x00007fffef9a6000 	C:\WINDOWS\System32\USER32.dll
0x00007fffed2e0000 - 0x00007fffed307000 	C:\WINDOWS\System32\win32u.dll
0x00007fffefaa0000 - 0x00007fffefacb000 	C:\WINDOWS\System32\GDI32.dll
0x00007fffdc8f0000 - 0x00007fffdcb83000 	C:\WINDOWS\WinSxS\amd64_microsoft.windows.common-controls_6595b64144ccf1df_6.0.26100.7824_none_3e0870b2e3345462\COMCTL32.dll
0x00007fffeccf0000 - 0x00007fffece1b000 	C:\WINDOWS\System32\gdi32full.dll
0x00007fffef680000 - 0x00007fffef729000 	C:\WINDOWS\System32\msvcrt.dll
0x00007fffed740000 - 0x00007fffed7e3000 	C:\WINDOWS\System32\msvcp_win.dll
0x00007fffed940000 - 0x00007fffed971000 	C:\WINDOWS\System32\IMM32.DLL
0x00007fffdf760000 - 0x00007fffdf76c000 	c:\Users\Nishtar\.antigravity\extensions\redhat.java-1.12.0-win32-x64\jre\17.0.4.1-win32-x86_64\bin\vcruntime140_1.dll
0x00007fff833a0000 - 0x00007fff83431000 	c:\Users\Nishtar\.antigravity\extensions\redhat.java-1.12.0-win32-x64\jre\17.0.4.1-win32-x86_64\bin\msvcp140.dll
0x00007fff06350000 - 0x00007fff06f96000 	c:\Users\Nishtar\.antigravity\extensions\redhat.java-1.12.0-win32-x64\jre\17.0.4.1-win32-x86_64\bin\server\jvm.dll
0x00007fffef530000 - 0x00007fffef5e4000 	C:\WINDOWS\System32\ADVAPI32.dll
0x00007fffef730000 - 0x00007fffef7d6000 	C:\WINDOWS\System32\sechost.dll
0x00007fffeda10000 - 0x00007fffedb28000 	C:\WINDOWS\System32\RPCRT4.dll
0x00007fffefb50000 - 0x00007fffefb58000 	C:\WINDOWS\System32\PSAPI.DLL
0x00007fffe4a80000 - 0x00007fffe4ab5000 	C:\WINDOWS\SYSTEM32\WINMM.dll
0x00007fffe58a0000 - 0x00007fffe58ab000 	C:\WINDOWS\SYSTEM32\VERSION.dll
0x00007fffdedf0000 - 0x00007fffdedfa000 	C:\WINDOWS\SYSTEM32\WSOCK32.dll
0x00007fffedb30000 - 0x00007fffedba4000 	C:\WINDOWS\System32\WS2_32.dll
0x00007fffeb220000 - 0x00007fffeb23b000 	C:\WINDOWS\SYSTEM32\kernel.appcore.dll
0x00007fffdeb50000 - 0x00007fffdeb5a000 	c:\Users\Nishtar\.antigravity\extensions\redhat.java-1.12.0-win32-x64\jre\17.0.4.1-win32-x86_64\bin\jimage.dll
0x00007fffe1330000 - 0x00007fffe1572000 	C:\WINDOWS\SYSTEM32\DBGHELP.DLL
0x00007fffedf70000 - 0x00007fffee2f6000 	C:\WINDOWS\System32\combase.dll
0x00007fffee810000 - 0x00007fffee8e7000 	C:\WINDOWS\System32\OLEAUT32.dll
0x00007fffd9020000 - 0x00007fffd905b000 	C:\WINDOWS\SYSTEM32\dbgcore.DLL
0x00007fffed520000 - 0x00007fffed5c5000 	C:\WINDOWS\System32\bcryptPrimitives.dll
0x00007fffd7050000 - 0x00007fffd705e000 	c:\Users\Nishtar\.antigravity\extensions\redhat.java-1.12.0-win32-x64\jre\17.0.4.1-win32-x86_64\bin\instrument.dll
0x00007fff85e00000 - 0x00007fff85e25000 	c:\Users\Nishtar\.antigravity\extensions\redhat.java-1.12.0-win32-x64\jre\17.0.4.1-win32-x86_64\bin\java.dll
0x00007fff96540000 - 0x00007fff96558000 	c:\Users\Nishtar\.antigravity\extensions\redhat.java-1.12.0-win32-x64\jre\17.0.4.1-win32-x86_64\bin\zip.dll
0x00007fffee8f0000 - 0x00007fffef042000 	C:\WINDOWS\System32\SHELL32.dll
0x00007fffed5d0000 - 0x00007fffed73a000 	C:\WINDOWS\System32\wintypes.dll
0x00007fffec480000 - 0x00007fffecce3000 	C:\WINDOWS\System32\windows.storage.dll
0x00007fffedda0000 - 0x00007fffede96000 	C:\WINDOWS\System32\SHCORE.dll
0x00007fffef9e0000 - 0x00007fffefa47000 	C:\WINDOWS\System32\shlwapi.dll
0x00007fffec3a0000 - 0x00007fffec3c9000 	C:\WINDOWS\SYSTEM32\profapi.dll
0x00007fff88340000 - 0x00007fff88359000 	C:\Users\Nishtar\.antigravity\extensions\redhat.java-1.12.0-win32-x64\jre\17.0.4.1-win32-x86_64\bin\net.dll
0x00007fffe5160000 - 0x00007fffe5287000 	C:\WINDOWS\SYSTEM32\WINHTTP.dll
0x00007fffeb790000 - 0x00007fffeb7fb000 	C:\WINDOWS\system32\mswsock.dll
0x00007fff87f10000 - 0x00007fff87f25000 	C:\Users\Nishtar\.antigravity\extensions\redhat.java-1.12.0-win32-x64\jre\17.0.4.1-win32-x86_64\bin\nio.dll
0x00007fffcd830000 - 0x00007fffcd840000 	c:\Users\Nishtar\.antigravity\extensions\redhat.java-1.12.0-win32-x64\jre\17.0.4.1-win32-x86_64\bin\verify.dll
0x00007fff89bf0000 - 0x00007fff89c2e000 	C:\Users\Nishtar\AppData\Roaming\Antigravity\User\globalStorage\redhat.java\1.12.0\config_win\org.eclipse.equinox.launcher\org.eclipse.equinox.launcher.win32.win32.x86_64_1.2.600.v20220720-1916\eclipse_11700.dll
0x00007fffef2d0000 - 0x00007fffef467000 	C:\WINDOWS\System32\ole32.dll
0x00007fffeba60000 - 0x00007fffeba7b000 	C:\WINDOWS\SYSTEM32\CRYPTSP.dll
0x00007fffeb180000 - 0x00007fffeb1b9000 	C:\WINDOWS\system32\rsaenh.dll
0x00007fffeb840000 - 0x00007fffeb86b000 	C:\WINDOWS\SYSTEM32\USERENV.dll
0x00007fffec370000 - 0x00007fffec39a000 	C:\WINDOWS\SYSTEM32\bcrypt.dll
0x00007fffeba80000 - 0x00007fffeba8c000 	C:\WINDOWS\SYSTEM32\CRYPTBASE.dll
0x00007fffeac40000 - 0x00007fffeac74000 	C:\WINDOWS\SYSTEM32\IPHLPAPI.DLL
0x00007fffedbb0000 - 0x00007fffedbba000 	C:\WINDOWS\System32\NSI.dll
0x00007fffe6d90000 - 0x00007fffe6dae000 	C:\WINDOWS\SYSTEM32\dhcpcsvc6.DLL
0x00007fffe6ba0000 - 0x00007fffe6bc3000 	C:\WINDOWS\SYSTEM32\dhcpcsvc.DLL
0x00007fffead30000 - 0x00007fffeae5c000 	C:\WINDOWS\SYSTEM32\DNSAPI.dll
0x00007fff89bb0000 - 0x00007fff89bf0000 	C:\Users\Nishtar\AppData\Local\Temp\jna--673678283\jna4870594593891101000.dll

dbghelp: loaded successfully - version: 4.0.5 - missing functions: none
symbol engine: initialized successfully - sym options: 0x614 - pdb path: .;c:\Users\Nishtar\.antigravity\extensions\redhat.java-1.12.0-win32-x64\jre\17.0.4.1-win32-x86_64\bin;C:\WINDOWS\SYSTEM32;C:\WINDOWS\WinSxS\amd64_microsoft.windows.common-controls_6595b64144ccf1df_6.0.26100.7824_none_3e0870b2e3345462;c:\Users\Nishtar\.antigravity\extensions\redhat.java-1.12.0-win32-x64\jre\17.0.4.1-win32-x86_64\bin\server;C:\Users\Nishtar\AppData\Roaming\Antigravity\User\globalStorage\redhat.java\1.12.0\config_win\org.eclipse.equinox.launcher\org.eclipse.equinox.launcher.win32.win32.x86_64_1.2.600.v20220720-1916;C:\Users\Nishtar\AppData\Local\Temp\jna--673678283

VM Arguments:
jvm_args: --add-modules=ALL-SYSTEM --add-opens=java.base/java.util=ALL-UNNAMED --add-opens=java.base/java.lang=ALL-UNNAMED --add-opens=java.base/sun.nio.fs=ALL-UNNAMED -Declipse.application=org.eclipse.jdt.ls.core.id1 -Dosgi.bundles.defaultStartLevel=4 -Declipse.product=org.eclipse.jdt.ls.core.product -Djava.import.generatesMetadataFilesAtProjectRoot=false -Dfile.encoding=utf8 -XX:+UseParallelGC -XX:GCTimeRatio=4 -XX:AdaptiveSizePolicyWeight=90 -Dsun.zip.disableMemoryMapping=true -Xmx1G -Xms100m -Xlog:disable -javaagent:c:\Users\Nishtar\.antigravity\extensions\redhat.java-1.12.0-win32-x64\lombok\lombok-1.18.24.jar -XX:+HeapDumpOnOutOfMemoryError -XX:HeapDumpPath=c:\Users\Nishtar\AppData\Roaming\Antigravity\User\workspaceStorage\0fe9db96e7a8ee3026565586bb49f5fa\redhat.java 
java_command: c:\Users\Nishtar\.antigravity\extensions\redhat.java-1.12.0-win32-x64\server\plugins\org.eclipse.equinox.launcher_1.6.400.v20210924-0641.jar -configuration c:\Users\Nishtar\AppData\Roaming\Antigravity\User\globalStorage\redhat.java\1.12.0\config_win -data c:\Users\Nishtar\AppData\Roaming\Antigravity\User\workspaceStorage\0fe9db96e7a8ee3026565586bb49f5fa\redhat.java\jdt_ws
java_class_path (initial): c:\Users\Nishtar\.antigravity\extensions\redhat.java-1.12.0-win32-x64\server\plugins\org.eclipse.equinox.launcher_1.6.400.v20210924-0641.jar
Launcher Type: SUN_STANDARD

[Global flags]
    uintx AdaptiveSizePolicyWeight                 = 90                                        {product} {command line}
     intx CICompilerCount                          = 4                                         {product} {ergonomic}
    uintx GCTimeRatio                              = 4                                         {product} {command line}
     bool HeapDumpOnOutOfMemoryError               = true                                   {manageable} {command line}
    ccstr HeapDumpPath                             = c:\Users\Nishtar\AppData\Roaming\Antigravity\User\workspaceStorage\0fe9db96e7a8ee3026565586bb49f5fa\redhat.java         {manageable} {command line}
   size_t InitialHeapSize                          = 104857600                                 {product} {command line}
   size_t MaxHeapSize                              = 1073741824                                {product} {command line}
   size_t MaxNewSize                               = 357564416                                 {product} {ergonomic}
   size_t MinHeapDeltaBytes                        = 524288                                    {product} {ergonomic}
   size_t MinHeapSize                              = 104857600                                 {product} {command line}
   size_t NewSize                                  = 34603008                                  {product} {ergonomic}
    uintx NonNMethodCodeHeapSize                   = 5839372                                {pd product} {ergonomic}
    uintx NonProfiledCodeHeapSize                  = 122909434                              {pd product} {ergonomic}
   size_t OldSize                                  = 70254592                                  {product} {ergonomic}
    uintx ProfiledCodeHeapSize                     = 122909434                              {pd product} {ergonomic}
    uintx ReservedCodeCacheSize                    = 251658240                              {pd product} {ergonomic}
     bool SegmentedCodeCache                       = true                                      {product} {ergonomic}
   size_t SoftMaxHeapSize                          = 1073741824                             {manageable} {ergonomic}
     bool UseCompressedClassPointers               = true                           {product lp64_product} {ergonomic}
     bool UseCompressedOops                        = true                           {product lp64_product} {ergonomic}
     bool UseLargePagesIndividualAllocation        = false                                  {pd product} {ergonomic}
     bool UseParallelGC                            = true                                      {product} {command line}

Logging:
Log output configuration:
 #0: stdout all=off uptime,level,tags
 #1: stderr all=off uptime,level,tags

Environment Variables:
JAVA_HOME=C:\Program Files\Java\jdk-20
PATH=C:\Program Files\Common Files\Oracle\Java\javapath;C:\WINDOWS\system32;C:\WINDOWS;C:\WINDOWS\System32\Wbem;C:\WINDOWS\System32\WindowsPowerShell\v1.0\;C:\WINDOWS\System32\OpenSSH\;C:\Program Files\Java\jdk-20\bin;C:\Program Files\Microsoft SQL Server\150\Tools\Binn\;C:\Program Files\Microsoft SQL Server\Client SDK\ODBC\170\Tools\Binn\;C:\Program Files\dotnet\;C:\Program Files (x86)\Microsoft SQL Server\160\Tools\Binn\;C:\Program Files\Microsoft SQL Server\160\Tools\Binn\;C:\Program Files\Microsoft SQL Server\160\DTS\Binn\;C:\Program Files (x86)\Microsoft SQL Server\160\DTS\Binn\;C:\Program Files\Git\cmd;C:\Program Files\MySQL\MySQL Shell 8.0\bin\;C:\Users\Nishtar\AppData\Local\Microsoft\WindowsApps;C:\Users\Nishtar\AppData\Local\Programs\Microsoft VS Code\bin;C:\Users\Nishtar\.dotnet\tools;C:\Users\Nishtar\AppData\Local\GitHubDesktop\bin;C:\Users\Nishtar\AppData\Local\Programs\Antigravity\bin
USERNAME=Nishtar
OS=Windows_NT
PROCESSOR_IDENTIFIER=AMD64 Family 23 Model 104 Stepping 1, AuthenticAMD
TMP=C:\Users\Nishtar\AppData\Local\Temp
TEMP=C:\Users\Nishtar\AppData\Local\Temp



---------------  S Y S T E M  ---------------

OS:
 Windows 11 , 64 bit Build 26100 (10.0.26100.7705)
OS uptime: 4 days 15:20 hours

CPU: total 12 (initial active 12) (12 cores per cpu, 2 threads per core) family 23 model 104 stepping 1 microcode 0x8608103, cx8, cmov, fxsr, ht, mmx, 3dnowpref, sse, sse2, sse3, ssse3, sse4a, sse4.1, sse4.2, popcnt, lzcnt, tsc, tscinvbit, avx, avx2, aes, clmul, bmi1, bmi2, adx, sha, fma, vzeroupper, clflush, clflushopt

Memory: 4k page, system-wide physical 7541M (414M free)
TotalPageFile size 31093M (AvailPageFile size 18M)
current process WorkingSet (physical memory assigned to process): 191M, peak: 201M
current process commit charge ("private bytes"): 278M, peak: 295M

vm_info: OpenJDK 64-Bit Server VM (17.0.4.1+1) for windows-amd64 JRE (17.0.4.1+1), built on Aug 17 2022 07:42:43 by "temurin" with MS VC++ 16.7 (VS2019)

END.
