#
# There is insufficient memory for the Java Runtime Environment to continue.
# Native memory allocation (malloc) failed to allocate 1273616 bytes for Chunk::new
# Possible reasons:
#   The system is out of physical RAM or swap space
#   The process is running with CompressedOops enabled, and the Java Heap may be blocking the growth of the native heap
# Possible solutions:
#   Reduce memory load on the system
#   Increase physical memory or swap space
#   Check if swap backing store is full
#   Decrease Java heap size (-Xmx/-Xms)
#   Decrease number of Java threads
#   Decrease Java thread stack sizes (-Xss)
#   Set larger code cache with -XX:ReservedCodeCacheSize=
#   JVM is running with Unscaled Compressed Oops mode in which the Java heap is
#     placed in the first 4GB address space. The Java Heap base address is the
#     maximum limit for the native heap growth. Please use -XX:HeapBaseMinAddress
#     to set the Java Heap base and to place the Java Heap above 4GB virtual address.
# This output file may be truncated or incomplete.
#
#  Out of Memory Error (arena.cpp:189), pid=16884, tid=7812
#
# JRE version: OpenJDK Runtime Environment Temurin-17.0.4.1+1 (17.0.4.1+1) (build 17.0.4.1+1)
# Java VM: OpenJDK 64-Bit Server VM Temurin-17.0.4.1+1 (17.0.4.1+1, mixed mode, tiered, compressed oops, compressed class ptrs, parallel gc, windows-amd64)
# No core dump will be written. Minidumps are not enabled by default on client versions of Windows
#

---------------  S U M M A R Y ------------

Command Line: --add-modules=ALL-SYSTEM --add-opens=java.base/java.util=ALL-UNNAMED --add-opens=java.base/java.lang=ALL-UNNAMED --add-opens=java.base/sun.nio.fs=ALL-UNNAMED -Declipse.application=org.eclipse.jdt.ls.core.id1 -Dosgi.bundles.defaultStartLevel=4 -Declipse.product=org.eclipse.jdt.ls.core.product -Djava.import.generatesMetadataFilesAtProjectRoot=false -Dfile.encoding=utf8 -XX:+UseParallelGC -XX:GCTimeRatio=4 -XX:AdaptiveSizePolicyWeight=90 -Dsun.zip.disableMemoryMapping=true -Xmx1G -Xms100m -Xlog:disable -javaagent:c:\Users\Nishtar\.antigravity\extensions\redhat.java-1.12.0-win32-x64\lombok\lombok-1.18.24.jar -XX:+HeapDumpOnOutOfMemoryError -XX:HeapDumpPath=c:\Users\Nishtar\AppData\Roaming\Antigravity\User\workspaceStorage\0fe9db96e7a8ee3026565586bb49f5fa\redhat.java c:\Users\Nishtar\.antigravity\extensions\redhat.java-1.12.0-win32-x64\server\plugins\org.eclipse.equinox.launcher_1.6.400.v20210924-0641.jar -configuration c:\Users\Nishtar\AppData\Roaming\Antigravity\User\globalStorage\redhat.java\1.12.0\config_win -data c:\Users\Nishtar\AppData\Roaming\Antigravity\User\workspaceStorage\0fe9db96e7a8ee3026565586bb49f5fa\redhat.java\jdt_ws

Host: AMD Ryzen 5 5500U with Radeon Graphics         , 12 cores, 7G,  Windows 11 , 64 bit Build 26100 (10.0.26100.7705)
Time: Fri Mar  6 12:06:23 2026 Sri Lanka Standard Time elapsed time: 37.436577 seconds (0d 0h 0m 37s)

---------------  T H R E A D  ---------------

Current thread (0x0000027b1624fa70):  JavaThread "C2 CompilerThread1" daemon [_thread_in_native, id=7812, stack(0x000000d494100000,0x000000d494200000)]


Current CompileTask:
C2:  37437 7917       4       org.eclipse.jdt.internal.core.JarPackageFragmentRoot::initRawPackageInfo (349 bytes)

Stack: [0x000000d494100000,0x000000d494200000]
Native frames: (J=compiled Java code, j=interpreted, Vv=VM code, C=native code)
V  [jvm.dll+0x67731a]
V  [jvm.dll+0x832284]
V  [jvm.dll+0x833a2e]
V  [jvm.dll+0x834093]
V  [jvm.dll+0x245775]
V  [jvm.dll+0xabd7b]
V  [jvm.dll+0xac30c]
V  [jvm.dll+0x363a42]
V  [jvm.dll+0x32e011]
V  [jvm.dll+0x32d4ba]
V  [jvm.dll+0x218681]
V  [jvm.dll+0x217aa1]
V  [jvm.dll+0x1a3f8d]
V  [jvm.dll+0x227498]
V  [jvm.dll+0x2255e5]
V  [jvm.dll+0x7e7e9b]
V  [jvm.dll+0x7e240a]
V  [jvm.dll+0x6761a5]
C  [ucrtbase.dll+0x37b0]
C  [KERNEL32.DLL+0x2e8d7]
C  [ntdll.dll+0x8c40c]


---------------  P R O C E S S  ---------------

Threads class SMR info:
_java_thread_list=0x0000027b23f9fbd0, length=31, elements={
0x0000027b7d285340, 0x0000027b111f67c0, 0x0000027b111f7c40, 0x0000027b12daf270,
0x0000027b12db1b40, 0x0000027b12ddfb80, 0x0000027b12de35d0, 0x0000027b12dec230,
0x0000027b12e158b0, 0x0000027b12e1fc70, 0x0000027b12ebdd90, 0x0000027b12ff5310,
0x0000027b14b6a540, 0x0000027b14b2a980, 0x0000027b14959900, 0x0000027b14956220,
0x0000027b130d6ea0, 0x0000027b147528f0, 0x0000027b14751f50, 0x0000027b147515b0,
0x0000027b14752420, 0x0000027b14753290, 0x0000027b14753760, 0x0000027b14753c30,
0x0000027b14754100, 0x0000027b1624fa70, 0x0000027b24cb83d0, 0x0000027b24cba580,
0x0000027b1624e630, 0x0000027b24cbaa50, 0x0000027b24cbc730
}

Java Threads: ( => current thread )
  0x0000027b7d285340 JavaThread "main" [_thread_blocked, id=29644, stack(0x000000d491800000,0x000000d491900000)]
  0x0000027b111f67c0 JavaThread "Reference Handler" daemon [_thread_blocked, id=30216, stack(0x000000d491b00000,0x000000d491c00000)]
  0x0000027b111f7c40 JavaThread "Finalizer" daemon [_thread_blocked, id=17172, stack(0x000000d491c00000,0x000000d491d00000)]
  0x0000027b12daf270 JavaThread "Signal Dispatcher" daemon [_thread_blocked, id=32884, stack(0x000000d491d00000,0x000000d491e00000)]
  0x0000027b12db1b40 JavaThread "Attach Listener" daemon [_thread_blocked, id=6976, stack(0x000000d491e00000,0x000000d491f00000)]
  0x0000027b12ddfb80 JavaThread "Service Thread" daemon [_thread_blocked, id=24148, stack(0x000000d491f00000,0x000000d492000000)]
  0x0000027b12de35d0 JavaThread "Monitor Deflation Thread" daemon [_thread_blocked, id=35384, stack(0x000000d492000000,0x000000d492100000)]
  0x0000027b12dec230 JavaThread "C2 CompilerThread0" daemon [_thread_in_native, id=32496, stack(0x000000d492100000,0x000000d492200000)]
  0x0000027b12e158b0 JavaThread "C1 CompilerThread0" daemon [_thread_in_native, id=21948, stack(0x000000d492200000,0x000000d492300000)]
  0x0000027b12e1fc70 JavaThread "Sweeper thread" daemon [_thread_blocked, id=7700, stack(0x000000d492300000,0x000000d492400000)]
  0x0000027b12ebdd90 JavaThread "Common-Cleaner" daemon [_thread_blocked, id=19092, stack(0x000000d492400000,0x000000d492500000)]
  0x0000027b12ff5310 JavaThread "Notification Thread" daemon [_thread_blocked, id=33544, stack(0x000000d492500000,0x000000d492600000)]
  0x0000027b14b6a540 JavaThread "Active Thread: Equinox Container: 94263be1-426d-4594-bf68-579d3cce2b25" [_thread_blocked, id=34392, stack(0x000000d492d00000,0x000000d492e00000)]
  0x0000027b14b2a980 JavaThread "Framework Event Dispatcher: Equinox Container: 94263be1-426d-4594-bf68-579d3cce2b25" daemon [_thread_blocked, id=35624, stack(0x000000d492c00000,0x000000d492d00000)]
  0x0000027b14959900 JavaThread "Start Level: Equinox Container: 94263be1-426d-4594-bf68-579d3cce2b25" daemon [_thread_blocked, id=9344, stack(0x000000d492e00000,0x000000d492f00000)]
  0x0000027b14956220 JavaThread "SCR Component Actor" daemon [_thread_blocked, id=36204, stack(0x000000d492f00000,0x000000d493000000)]
  0x0000027b130d6ea0 JavaThread "Worker-JM" [_thread_blocked, id=32516, stack(0x000000d493400000,0x000000d493500000)]
  0x0000027b147528f0 JavaThread "Worker-0: Initialize workspace" [_thread_blocked, id=36960, stack(0x000000d493700000,0x000000d493800000)]
  0x0000027b14751f50 JavaThread "Worker-1: Java indexing... " [_thread_blocked, id=32060, stack(0x000000d493800000,0x000000d493900000)]
  0x0000027b147515b0 JavaThread "Java indexing" daemon [_thread_in_native, id=29424, stack(0x000000d493300000,0x000000d493400000)]
  0x0000027b14752420 JavaThread "Worker-2" [_thread_blocked, id=23492, stack(0x000000d493a00000,0x000000d493b00000)]
  0x0000027b14753290 JavaThread "Worker-3" [_thread_blocked, id=37344, stack(0x000000d493b00000,0x000000d493c00000)]
  0x0000027b14753760 JavaThread "JNA Cleaner" daemon [_thread_blocked, id=13708, stack(0x000000d493c00000,0x000000d493d00000)]
  0x0000027b14753c30 JavaThread "pool-2-thread-1" [_thread_blocked, id=22744, stack(0x000000d493f00000,0x000000d494000000)]
  0x0000027b14754100 JavaThread "pool-1-thread-1" [_thread_in_Java, id=27988, stack(0x000000d494000000,0x000000d494100000)]
=>0x0000027b1624fa70 JavaThread "C2 CompilerThread1" daemon [_thread_in_native, id=7812, stack(0x000000d494100000,0x000000d494200000)]
  0x0000027b24cb83d0 JavaThread "ForkJoinPool.commonPool-worker-1" daemon [_thread_blocked, id=13636, stack(0x000000d491600000,0x000000d491700000)]
  0x0000027b24cba580 JavaThread "ForkJoinPool.commonPool-worker-2" daemon [_thread_blocked, id=29368, stack(0x000000d494200000,0x000000d494300000)]
  0x0000027b1624e630 JavaThread "C2 CompilerThread2" daemon [_thread_in_vm, id=15160, stack(0x000000d493200000,0x000000d493300000)]
  0x0000027b24cbaa50 JavaThread "Worker-4" [_thread_blocked, id=30620, stack(0x000000d494300000,0x000000d494400000)]
  0x0000027b24cbc730 JavaThread "Worker-5" [_thread_blocked, id=21628, stack(0x000000d494400000,0x000000d494500000)]

Other Threads:
  0x0000027b12d91fd0 VMThread "VM Thread" [stack: 0x000000d491a00000,0x000000d491b00000] [id=26272]
  0x0000027b14371c90 WatcherThread [stack: 0x000000d492600000,0x000000d492700000] [id=37832]
  0x0000027b7d29a5b0 GCTaskThread "GC Thread#0" [stack: 0x000000d491900000,0x000000d491a00000] [id=23896]
  0x0000027b1470ecd0 GCTaskThread "GC Thread#1" [stack: 0x000000d492700000,0x000000d492800000] [id=19356]
  0x0000027b1463b530 GCTaskThread "GC Thread#2" [stack: 0x000000d492800000,0x000000d492900000] [id=25304]
  0x0000027b146d5d20 GCTaskThread "GC Thread#3" [stack: 0x000000d492900000,0x000000d492a00000] [id=22828]
  0x0000027b146d5fd0 GCTaskThread "GC Thread#4" [stack: 0x000000d492a00000,0x000000d492b00000] [id=30392]
  0x0000027b14ade030 GCTaskThread "GC Thread#5" [stack: 0x000000d492b00000,0x000000d492c00000] [id=33636]
  0x0000027b1561eb70 GCTaskThread "GC Thread#6" [stack: 0x000000d493000000,0x000000d493100000] [id=18688]
  0x0000027b155eceb0 GCTaskThread "GC Thread#7" [stack: 0x000000d493100000,0x000000d493200000] [id=22632]
  0x0000027b14a305d0 GCTaskThread "GC Thread#8" [stack: 0x000000d493500000,0x000000d493600000] [id=31424]
  0x0000027b14a61f70 GCTaskThread "GC Thread#9" [stack: 0x000000d493600000,0x000000d493700000] [id=8596]

Threads with active compile tasks:
C2 CompilerThread0    37506 7229       4       org.eclipse.jdt.internal.compiler.lookup.BinaryTypeBinding::createMethod (1719 bytes)
C1 CompilerThread0    37507 8155       2       lombok.core.TypeLibrary::toQualifieds (81 bytes)
C2 CompilerThread1    37507 7917       4       org.eclipse.jdt.internal.core.JarPackageFragmentRoot::initRawPackageInfo (349 bytes)
C2 CompilerThread2    37507 8111       4       org.eclipse.jdt.internal.compiler.parser.Parser::consumeRule (7834 bytes)

VM state: not at safepoint (normal execution)

VM Mutex/Monitor currently owned by a thread: None

Heap address: 0x00000000c0000000, size: 1024 MB, Compressed Oops mode: 32-bit

CDS archive(s) not mapped
Compressed class space mapped at: 0x0000000100000000-0x0000000140000000, reserved size: 1073741824
Narrow klass base: 0x0000000000000000, Narrow klass shift: 3, Narrow klass range: 0x140000000

GC Precious Log:
 CPUs: 12 total, 12 available
 Memory: 7541M
 Large Page Support: Disabled
 NUMA Support: Disabled
 Compressed Oops: Enabled (32-bit)
 Alignments: Space 512K, Generation 512K, Heap 2M
 Heap Min Capacity: 100M
 Heap Initial Capacity: 100M
 Heap Max Capacity: 1G
 Pre-touch: Disabled
 Parallel Workers: 10

Heap:
 PSYoungGen      total 27136K, used 13061K [0x00000000eab00000, 0x00000000ed680000, 0x0000000100000000)
  eden space 22016K, 36% used [0x00000000eab00000,0x00000000eb2c4be8,0x00000000ec080000)
  from space 5120K, 99% used [0x00000000ec200000,0x00000000ec6fcb00,0x00000000ec700000)
  to   space 11264K, 0% used [0x00000000ecb80000,0x00000000ecb80000,0x00000000ed680000)
 ParOldGen       total 68608K, used 52912K [0x00000000c0000000, 0x00000000c4300000, 0x00000000eab00000)
  object space 68608K, 77% used [0x00000000c0000000,0x00000000c33ac208,0x00000000c4300000)
 Metaspace       used 63532K, committed 64448K, reserved 1114112K
  class space    used 6692K, committed 7104K, reserved 1048576K

Card table byte_map: [0x0000027b7cc30000,0x0000027b7ce40000] _byte_map_base: 0x0000027b7c630000

Marking Bits: (ParMarkBitMap*) 0x00007fff06ed2cc0
 Begin Bits: [0x0000027b0f000000, 0x0000027b10000000)
 End Bits:   [0x0000027b10000000, 0x0000027b11000000)

Polling page: 0x0000027b7b110000

Metaspace:

Usage:
  Non-class:     55.51 MB used.
      Class:      6.54 MB used.
       Both:     62.04 MB used.

Virtual space:
  Non-class space:       64.00 MB reserved,      56.00 MB ( 88%) committed,  8 nodes.
      Class space:        1.00 GB reserved,       6.94 MB ( <1%) committed,  1 nodes.
             Both:        1.06 GB reserved,      62.94 MB (  6%) committed. 

Chunk freelists:
   Non-Class:  3.13 MB
       Class:  930.00 KB
        Both:  4.04 MB

MaxMetaspaceSize: unlimited
CompressedClassSpaceSize: 1.00 GB
Initial GC threshold: 21.00 MB
Current GC threshold: 97.31 MB
CDS: off
MetaspaceReclaimPolicy: balanced
 - commit_granule_bytes: 65536.
 - commit_granule_words: 8192.
 - virtual_space_node_default_size: 1048576.
 - enlarge_chunks_in_place: 1.
 - new_chunks_are_fully_committed: 0.
 - uncommit_free_chunks: 1.
 - use_allocation_guard: 0.
 - handle_deallocations: 1.


Internal statistics:

num_allocs_failed_limit: 9.
num_arena_births: 428.
num_arena_deaths: 14.
num_vsnodes_births: 9.
num_vsnodes_deaths: 0.
num_space_committed: 1007.
num_space_uncommitted: 0.
num_chunks_returned_to_freelist: 30.
num_chunks_taken_from_freelist: 2686.
num_chunk_merges: 12.
num_chunk_splits: 1741.
num_chunks_enlarged: 1099.
num_purges: 2.
num_inconsistent_stats: 0.

CodeHeap 'non-profiled nmethods': size=120000Kb used=3509Kb max_used=3509Kb free=116490Kb
 bounds [0x0000027b07ad0000, 0x0000027b07e40000, 0x0000027b0f000000]
CodeHeap 'profiled nmethods': size=120000Kb used=15986Kb max_used=15986Kb free=104013Kb
 bounds [0x0000027b005a0000, 0x0000027b01540000, 0x0000027b07ad0000]
CodeHeap 'non-nmethods': size=5760Kb used=1368Kb max_used=1417Kb free=4391Kb
 bounds [0x0000027b00000000, 0x0000027b00270000, 0x0000027b005a0000]
 total_blobs=7816 nmethods=7109 adapters=620
 compilation: enabled
              stopped_count=0, restarted_count=0
 full_count=0

Compilation events (20 events):
Event: 36.429 Thread 0x0000027b12e158b0 nmethod 8084 0x0000027b0150fe10 code [0x0000027b0150ffa0, 0x0000027b01510158]
Event: 36.429 Thread 0x0000027b12e158b0 8083       2       org.eclipse.jdt.internal.core.JavaModel::getJavaProject (96 bytes)
Event: 36.430 Thread 0x0000027b12e158b0 nmethod 8083 0x0000027b01510290 code [0x0000027b015104c0, 0x0000027b01510c98]
Event: 36.430 Thread 0x0000027b12e158b0 8085   !   2       org.eclipse.core.filesystem.URIUtil::toURI (136 bytes)
Event: 36.431 Thread 0x0000027b12e158b0 nmethod 8085 0x0000027b01511190 code [0x0000027b01511400, 0x0000027b01511ae8]
Event: 36.431 Thread 0x0000027b12e158b0 8086       1       org.eclipse.core.internal.content.ContentType::getId (5 bytes)
Event: 36.431 Thread 0x0000027b12e158b0 nmethod 8086 0x0000027b07e38910 code [0x0000027b07e38aa0, 0x0000027b07e38b78]
Event: 36.432 Thread 0x0000027b12e158b0 8087       2       org.eclipse.jdt.internal.compiler.util.CharDeduplication::optimizedCurrentTokenSource1 (26 bytes)
Event: 36.433 Thread 0x0000027b12e158b0 nmethod 8087 0x0000027b01512010 code [0x0000027b015121c0, 0x0000027b015123d8]
Event: 36.433 Thread 0x0000027b12e158b0 8089       2       org.eclipse.jdt.internal.compiler.SourceElementParser::getUnspecifiedReference (179 bytes)
Event: 36.433 Thread 0x0000027b12e158b0 nmethod 8089 0x0000027b01512510 code [0x0000027b01512720, 0x0000027b01512d28]
Event: 36.433 Thread 0x0000027b12e158b0 8090       2       org.eclipse.jdt.internal.compiler.parser.Parser::consumeLocalVariableDeclarationStatement (374 bytes)
Event: 36.435 Thread 0x0000027b12e158b0 nmethod 8090 0x0000027b01513090 code [0x0000027b015132e0, 0x0000027b01513d08]
Event: 36.435 Thread 0x0000027b12e158b0 8091       2       java.net.URI::hashIgnoringCase (45 bytes)
Event: 36.436 Thread 0x0000027b12e158b0 nmethod 8091 0x0000027b01514390 code [0x0000027b01514560, 0x0000027b015148f8]
Event: 36.436 Thread 0x0000027b12e158b0 8092       2       org.eclipse.jdt.internal.compiler.parser.Parser::consumeImportDeclaration (74 bytes)
Event: 36.436 Thread 0x0000027b12e158b0 nmethod 8092 0x0000027b01514c10 code [0x0000027b01514dc0, 0x0000027b01514ff8]
Event: 36.436 Thread 0x0000027b12e158b0 8088       2       org.eclipse.jdt.internal.compiler.ast.LocalDeclaration::isRecoveredFromLoneIdentifier (61 bytes)
Event: 36.437 Thread 0x0000027b12e158b0 nmethod 8088 0x0000027b01515190 code [0x0000027b01515340, 0x0000027b01515588]
Event: 36.437 Thread 0x0000027b12e158b0 8093       2       org.eclipse.jdt.internal.compiler.lookup.MethodScope::createMethod (504 bytes)

GC Heap History (20 events):
Event: 33.473 GC heap before
{Heap before GC invocations=27 (full 2):
 PSYoungGen      total 23040K, used 22986K [0x00000000eab00000, 0x00000000ec380000, 0x0000000100000000)
  eden space 22016K, 99% used [0x00000000eab00000,0x00000000ec072a00,0x00000000ec080000)
  from space 1024K, 100% used [0x00000000ec280000,0x00000000ec380000,0x00000000ec380000)
  to   space 1536K, 0% used [0x00000000ec080000,0x00000000ec080000,0x00000000ec200000)
 ParOldGen       total 68608K, used 33687K [0x00000000c0000000, 0x00000000c4300000, 0x00000000eab00000)
  object space 68608K, 49% used [0x00000000c0000000,0x00000000c20e5fb0,0x00000000c4300000)
 Metaspace       used 57478K, committed 58368K, reserved 1105920K
  class space    used 6247K, committed 6592K, reserved 1048576K
}
Event: 33.477 GC heap after
{Heap after GC invocations=27 (full 2):
 PSYoungGen      total 23552K, used 1536K [0x00000000eab00000, 0x00000000ec780000, 0x0000000100000000)
  eden space 22016K, 0% used [0x00000000eab00000,0x00000000eab00000,0x00000000ec080000)
  from space 1536K, 100% used [0x00000000ec080000,0x00000000ec200000,0x00000000ec200000)
  to   space 3584K, 0% used [0x00000000ec400000,0x00000000ec400000,0x00000000ec780000)
 ParOldGen       total 68608K, used 35149K [0x00000000c0000000, 0x00000000c4300000, 0x00000000eab00000)
  object space 68608K, 51% used [0x00000000c0000000,0x00000000c2253538,0x00000000c4300000)
 Metaspace       used 57478K, committed 58368K, reserved 1105920K
  class space    used 6247K, committed 6592K, reserved 1048576K
}
Event: 33.752 GC heap before
{Heap before GC invocations=28 (full 2):
 PSYoungGen      total 23552K, used 10238K [0x00000000eab00000, 0x00000000ec780000, 0x0000000100000000)
  eden space 22016K, 39% used [0x00000000eab00000,0x00000000eb37f840,0x00000000ec080000)
  from space 1536K, 100% used [0x00000000ec080000,0x00000000ec200000,0x00000000ec200000)
  to   space 3584K, 0% used [0x00000000ec400000,0x00000000ec400000,0x00000000ec780000)
 ParOldGen       total 68608K, used 35149K [0x00000000c0000000, 0x00000000c4300000, 0x00000000eab00000)
  object space 68608K, 51% used [0x00000000c0000000,0x00000000c2253538,0x00000000c4300000)
 Metaspace       used 58907K, committed 59776K, reserved 1105920K
  class space    used 6388K, committed 6784K, reserved 1048576K
}
Event: 33.757 GC heap after
{Heap after GC invocations=28 (full 2):
 PSYoungGen      total 23552K, used 1136K [0x00000000eab00000, 0x00000000ec580000, 0x0000000100000000)
  eden space 22016K, 0% used [0x00000000eab00000,0x00000000eab00000,0x00000000ec080000)
  from space 1536K, 73% used [0x00000000ec400000,0x00000000ec51c010,0x00000000ec580000)
  to   space 2048K, 0% used [0x00000000ec180000,0x00000000ec180000,0x00000000ec380000)
 ParOldGen       total 68608K, used 36698K [0x00000000c0000000, 0x00000000c4300000, 0x00000000eab00000)
  object space 68608K, 53% used [0x00000000c0000000,0x00000000c23d6bb0,0x00000000c4300000)
 Metaspace       used 58907K, committed 59776K, reserved 1105920K
  class space    used 6388K, committed 6784K, reserved 1048576K
}
Event: 33.757 GC heap before
{Heap before GC invocations=29 (full 3):
 PSYoungGen      total 23552K, used 1136K [0x00000000eab00000, 0x00000000ec580000, 0x0000000100000000)
  eden space 22016K, 0% used [0x00000000eab00000,0x00000000eab00000,0x00000000ec080000)
  from space 1536K, 73% used [0x00000000ec400000,0x00000000ec51c010,0x00000000ec580000)
  to   space 2048K, 0% used [0x00000000ec180000,0x00000000ec180000,0x00000000ec380000)
 ParOldGen       total 68608K, used 36698K [0x00000000c0000000, 0x00000000c4300000, 0x00000000eab00000)
  object space 68608K, 53% used [0x00000000c0000000,0x00000000c23d6bb0,0x00000000c4300000)
 Metaspace       used 58907K, committed 59776K, reserved 1105920K
  class space    used 6388K, committed 6784K, reserved 1048576K
}
Event: 33.831 GC heap after
{Heap after GC invocations=29 (full 3):
 PSYoungGen      total 23552K, used 0K [0x00000000eab00000, 0x00000000ec580000, 0x0000000100000000)
  eden space 22016K, 0% used [0x00000000eab00000,0x00000000eab00000,0x00000000ec080000)
  from space 1536K, 0% used [0x00000000ec400000,0x00000000ec400000,0x00000000ec580000)
  to   space 2048K, 0% used [0x00000000ec180000,0x00000000ec180000,0x00000000ec380000)
 ParOldGen       total 68608K, used 33192K [0x00000000c0000000, 0x00000000c4300000, 0x00000000eab00000)
  object space 68608K, 48% used [0x00000000c0000000,0x00000000c206a388,0x00000000c4300000)
 Metaspace       used 58907K, committed 59776K, reserved 1105920K
  class space    used 6388K, committed 6784K, reserved 1048576K
}
Event: 34.404 GC heap before
{Heap before GC invocations=30 (full 3):
 PSYoungGen      total 23552K, used 22016K [0x00000000eab00000, 0x00000000ec580000, 0x0000000100000000)
  eden space 22016K, 100% used [0x00000000eab00000,0x00000000ec080000,0x00000000ec080000)
  from space 1536K, 0% used [0x00000000ec400000,0x00000000ec400000,0x00000000ec580000)
  to   space 2048K, 0% used [0x00000000ec180000,0x00000000ec180000,0x00000000ec380000)
 ParOldGen       total 68608K, used 33192K [0x00000000c0000000, 0x00000000c4300000, 0x00000000eab00000)
  object space 68608K, 48% used [0x00000000c0000000,0x00000000c206a388,0x00000000c4300000)
 Metaspace       used 61006K, committed 61952K, reserved 1105920K
  class space    used 6584K, committed 6976K, reserved 1048576K
}
Event: 34.407 GC heap after
{Heap after GC invocations=30 (full 3):
 PSYoungGen      total 24064K, used 2029K [0x00000000eab00000, 0x00000000ec580000, 0x0000000100000000)
  eden space 22016K, 0% used [0x00000000eab00000,0x00000000eab00000,0x00000000ec080000)
  from space 2048K, 99% used [0x00000000ec180000,0x00000000ec37b700,0x00000000ec380000)
  to   space 2048K, 0% used [0x00000000ec380000,0x00000000ec380000,0x00000000ec580000)
 ParOldGen       total 68608K, used 33326K [0x00000000c0000000, 0x00000000c4300000, 0x00000000eab00000)
  object space 68608K, 48% used [0x00000000c0000000,0x00000000c208bb20,0x00000000c4300000)
 Metaspace       used 61006K, committed 61952K, reserved 1105920K
  class space    used 6584K, committed 6976K, reserved 1048576K
}
Event: 34.958 GC heap before
{Heap before GC invocations=31 (full 3):
 PSYoungGen      total 24064K, used 24045K [0x00000000eab00000, 0x00000000ec580000, 0x0000000100000000)
  eden space 22016K, 100% used [0x00000000eab00000,0x00000000ec080000,0x00000000ec080000)
  from space 2048K, 99% used [0x00000000ec180000,0x00000000ec37b700,0x00000000ec380000)
  to   space 2048K, 0% used [0x00000000ec380000,0x00000000ec380000,0x00000000ec580000)
 ParOldGen       total 68608K, used 33326K [0x00000000c0000000, 0x00000000c4300000, 0x00000000eab00000)
  object space 68608K, 48% used [0x00000000c0000000,0x00000000c208bb20,0x00000000c4300000)
 Metaspace       used 62035K, committed 62976K, reserved 1105920K
  class space    used 6642K, committed 7040K, reserved 1048576K
}
Event: 34.961 GC heap after
{Heap after GC invocations=31 (full 3):
 PSYoungGen      total 24064K, used 1968K [0x00000000eab00000, 0x00000000ec580000, 0x0000000100000000)
  eden space 22016K, 0% used [0x00000000eab00000,0x00000000eab00000,0x00000000ec080000)
  from space 2048K, 96% used [0x00000000ec380000,0x00000000ec56c010,0x00000000ec580000)
  to   space 2048K, 0% used [0x00000000ec180000,0x00000000ec180000,0x00000000ec380000)
 ParOldGen       total 68608K, used 35380K [0x00000000c0000000, 0x00000000c4300000, 0x00000000eab00000)
  object space 68608K, 51% used [0x00000000c0000000,0x00000000c228d158,0x00000000c4300000)
 Metaspace       used 62035K, committed 62976K, reserved 1105920K
  class space    used 6642K, committed 7040K, reserved 1048576K
}
Event: 35.723 GC heap before
{Heap before GC invocations=32 (full 3):
 PSYoungGen      total 24064K, used 23984K [0x00000000eab00000, 0x00000000ec580000, 0x0000000100000000)
  eden space 22016K, 100% used [0x00000000eab00000,0x00000000ec080000,0x00000000ec080000)
  from space 2048K, 96% used [0x00000000ec380000,0x00000000ec56c010,0x00000000ec580000)
  to   space 2048K, 0% used [0x00000000ec180000,0x00000000ec180000,0x00000000ec380000)
 ParOldGen       total 68608K, used 35380K [0x00000000c0000000, 0x00000000c4300000, 0x00000000eab00000)
  object space 68608K, 51% used [0x00000000c0000000,0x00000000c228d158,0x00000000c4300000)
 Metaspace       used 62960K, committed 64000K, reserved 1114112K
  class space    used 6677K, committed 7104K, reserved 1048576K
}
Event: 35.730 GC heap after
{Heap after GC invocations=32 (full 3):
 PSYoungGen      total 24064K, used 2037K [0x00000000eab00000, 0x00000000ecf80000, 0x0000000100000000)
  eden space 22016K, 0% used [0x00000000eab00000,0x00000000eab00000,0x00000000ec080000)
  from space 2048K, 99% used [0x00000000ec180000,0x00000000ec37d770,0x00000000ec380000)
  to   space 7680K, 0% used [0x00000000ec800000,0x00000000ec800000,0x00000000ecf80000)
 ParOldGen       total 68608K, used 39914K [0x00000000c0000000, 0x00000000c4300000, 0x00000000eab00000)
  object space 68608K, 58% used [0x00000000c0000000,0x00000000c26faab0,0x00000000c4300000)
 Metaspace       used 62960K, committed 64000K, reserved 1114112K
  class space    used 6677K, committed 7104K, reserved 1048576K
}
Event: 36.068 GC heap before
{Heap before GC invocations=33 (full 3):
 PSYoungGen      total 24064K, used 24053K [0x00000000eab00000, 0x00000000ecf80000, 0x0000000100000000)
  eden space 22016K, 100% used [0x00000000eab00000,0x00000000ec080000,0x00000000ec080000)
  from space 2048K, 99% used [0x00000000ec180000,0x00000000ec37d770,0x00000000ec380000)
  to   space 7680K, 0% used [0x00000000ec800000,0x00000000ec800000,0x00000000ecf80000)
 ParOldGen       total 68608K, used 39914K [0x00000000c0000000, 0x00000000c4300000, 0x00000000eab00000)
  object space 68608K, 58% used [0x00000000c0000000,0x00000000c26faab0,0x00000000c4300000)
 Metaspace       used 63229K, committed 64192K, reserved 1114112K
  class space    used 6679K, committed 7104K, reserved 1048576K
}
Event: 36.073 GC heap after
{Heap after GC invocations=33 (full 3):
 PSYoungGen      total 22528K, used 512K [0x00000000eab00000, 0x00000000ec880000, 0x0000000100000000)
  eden space 22016K, 0% used [0x00000000eab00000,0x00000000eab00000,0x00000000ec080000)
  from space 512K, 100% used [0x00000000ec800000,0x00000000ec880000,0x00000000ec880000)
  to   space 3072K, 0% used [0x00000000ec280000,0x00000000ec280000,0x00000000ec580000)
 ParOldGen       total 68608K, used 41837K [0x00000000c0000000, 0x00000000c4300000, 0x00000000eab00000)
  object space 68608K, 60% used [0x00000000c0000000,0x00000000c28db640,0x00000000c4300000)
 Metaspace       used 63229K, committed 64192K, reserved 1114112K
  class space    used 6679K, committed 7104K, reserved 1048576K
}
Event: 36.136 GC heap before
{Heap before GC invocations=34 (full 3):
 PSYoungGen      total 22528K, used 22528K [0x00000000eab00000, 0x00000000ec880000, 0x0000000100000000)
  eden space 22016K, 100% used [0x00000000eab00000,0x00000000ec080000,0x00000000ec080000)
  from space 512K, 100% used [0x00000000ec800000,0x00000000ec880000,0x00000000ec880000)
  to   space 3072K, 0% used [0x00000000ec280000,0x00000000ec280000,0x00000000ec580000)
 ParOldGen       total 68608K, used 41837K [0x00000000c0000000, 0x00000000c4300000, 0x00000000eab00000)
  object space 68608K, 60% used [0x00000000c0000000,0x00000000c28db640,0x00000000c4300000)
 Metaspace       used 63244K, committed 64192K, reserved 1114112K
  class space    used 6680K, committed 7104K, reserved 1048576K
}
Event: 36.142 GC heap after
{Heap after GC invocations=34 (full 3):
 PSYoungGen      total 25088K, used 3067K [0x00000000eab00000, 0x00000000ecf80000, 0x0000000100000000)
  eden space 22016K, 0% used [0x00000000eab00000,0x00000000eab00000,0x00000000ec080000)
  from space 3072K, 99% used [0x00000000ec280000,0x00000000ec57ed70,0x00000000ec580000)
  to   space 7680K, 0% used [0x00000000ec800000,0x00000000ec800000,0x00000000ecf80000)
 ParOldGen       total 68608K, used 44970K [0x00000000c0000000, 0x00000000c4300000, 0x00000000eab00000)
  object space 68608K, 65% used [0x00000000c0000000,0x00000000c2beab78,0x00000000c4300000)
 Metaspace       used 63244K, committed 64192K, reserved 1114112K
  class space    used 6680K, committed 7104K, reserved 1048576K
}
Event: 36.222 GC heap before
{Heap before GC invocations=35 (full 3):
 PSYoungGen      total 25088K, used 25058K [0x00000000eab00000, 0x00000000ecf80000, 0x0000000100000000)
  eden space 22016K, 99% used [0x00000000eab00000,0x00000000ec079bb8,0x00000000ec080000)
  from space 3072K, 99% used [0x00000000ec280000,0x00000000ec57ed70,0x00000000ec580000)
  to   space 7680K, 0% used [0x00000000ec800000,0x00000000ec800000,0x00000000ecf80000)
 ParOldGen       total 68608K, used 44970K [0x00000000c0000000, 0x00000000c4300000, 0x00000000eab00000)
  object space 68608K, 65% used [0x00000000c0000000,0x00000000c2beab78,0x00000000c4300000)
 Metaspace       used 63260K, committed 64256K, reserved 1114112K
  class space    used 6680K, committed 7104K, reserved 1048576K
}
Event: 36.229 GC heap after
{Heap after GC invocations=35 (full 3):
 PSYoungGen      total 26112K, used 3824K [0x00000000eab00000, 0x00000000ecc00000, 0x0000000100000000)
  eden space 22016K, 0% used [0x00000000eab00000,0x00000000eab00000,0x00000000ec080000)
  from space 4096K, 93% used [0x00000000ec800000,0x00000000ecbbc000,0x00000000ecc00000)
  to   space 5120K, 0% used [0x00000000ec200000,0x00000000ec200000,0x00000000ec700000)
 ParOldGen       total 68608K, used 48006K [0x00000000c0000000, 0x00000000c4300000, 0x00000000eab00000)
  object space 68608K, 69% used [0x00000000c0000000,0x00000000c2ee18e8,0x00000000c4300000)
 Metaspace       used 63260K, committed 64256K, reserved 1114112K
  class space    used 6680K, committed 7104K, reserved 1048576K
}
Event: 36.377 GC heap before
{Heap before GC invocations=36 (full 3):
 PSYoungGen      total 26112K, used 25840K [0x00000000eab00000, 0x00000000ecc00000, 0x0000000100000000)
  eden space 22016K, 100% used [0x00000000eab00000,0x00000000ec080000,0x00000000ec080000)
  from space 4096K, 93% used [0x00000000ec800000,0x00000000ecbbc000,0x00000000ecc00000)
  to   space 5120K, 0% used [0x00000000ec200000,0x00000000ec200000,0x00000000ec700000)
 ParOldGen       total 68608K, used 48006K [0x00000000c0000000, 0x00000000c4300000, 0x00000000eab00000)
  object space 68608K, 69% used [0x00000000c0000000,0x00000000c2ee18e8,0x00000000c4300000)
 Metaspace       used 63366K, committed 64320K, reserved 1114112K
  class space    used 6682K, committed 7104K, reserved 1048576K
}
Event: 36.387 GC heap after
{Heap after GC invocations=36 (full 3):
 PSYoungGen      total 27136K, used 5106K [0x00000000eab00000, 0x00000000ed680000, 0x0000000100000000)
  eden space 22016K, 0% used [0x00000000eab00000,0x00000000eab00000,0x00000000ec080000)
  from space 5120K, 99% used [0x00000000ec200000,0x00000000ec6fcb00,0x00000000ec700000)
  to   space 11264K, 0% used [0x00000000ecb80000,0x00000000ecb80000,0x00000000ed680000)
 ParOldGen       total 68608K, used 52912K [0x00000000c0000000, 0x00000000c4300000, 0x00000000eab00000)
  object space 68608K, 77% used [0x00000000c0000000,0x00000000c33ac208,0x00000000c4300000)
 Metaspace       used 63366K, committed 64320K, reserved 1114112K
  class space    used 6682K, committed 7104K, reserved 1048576K
}

Deoptimization events (20 events):
Event: 36.104 Thread 0x0000027b147515b0 DEOPT PACKING pc=0x0000027b014a6a56 sp=0x000000d4933fec90
Event: 36.104 Thread 0x0000027b147515b0 DEOPT UNPACKING pc=0x0000027b00052843 sp=0x000000d4933fe138 mode 0
Event: 36.105 Thread 0x0000027b147515b0 DEOPT PACKING pc=0x0000027b014a6a56 sp=0x000000d4933fec90
Event: 36.105 Thread 0x0000027b147515b0 DEOPT UNPACKING pc=0x0000027b00052843 sp=0x000000d4933fe138 mode 0
Event: 36.106 Thread 0x0000027b147515b0 DEOPT PACKING pc=0x0000027b014a6a56 sp=0x000000d4933fec90
Event: 36.106 Thread 0x0000027b147515b0 DEOPT UNPACKING pc=0x0000027b00052843 sp=0x000000d4933fe138 mode 0
Event: 36.106 Thread 0x0000027b147515b0 DEOPT PACKING pc=0x0000027b014a6a56 sp=0x000000d4933fec90
Event: 36.106 Thread 0x0000027b147515b0 DEOPT UNPACKING pc=0x0000027b00052843 sp=0x000000d4933fe138 mode 0
Event: 36.264 Thread 0x0000027b147515b0 DEOPT PACKING pc=0x0000027b014a8244 sp=0x000000d4933feb80
Event: 36.264 Thread 0x0000027b147515b0 DEOPT UNPACKING pc=0x0000027b00052843 sp=0x000000d4933fdfe8 mode 0
Event: 36.265 Thread 0x0000027b147515b0 DEOPT PACKING pc=0x0000027b014a8244 sp=0x000000d4933feb80
Event: 36.265 Thread 0x0000027b147515b0 DEOPT UNPACKING pc=0x0000027b00052843 sp=0x000000d4933fdfe8 mode 0
Event: 36.357 Thread 0x0000027b147515b0 Uncommon trap: trap_request=0xffffff45 fr.pc=0x0000027b07e252d4 relative=0x0000000000000594
Event: 36.357 Thread 0x0000027b147515b0 Uncommon trap: reason=unstable_if action=reinterpret pc=0x0000027b07e252d4 method=org.eclipse.jdt.internal.core.index.DiskIndex.readStreamChars(Ljava/io/InputStream;)[C @ 114 c2
Event: 36.357 Thread 0x0000027b147515b0 DEOPT PACKING pc=0x0000027b07e252d4 sp=0x000000d4933fecc0
Event: 36.357 Thread 0x0000027b147515b0 DEOPT UNPACKING pc=0x0000027b000520a3 sp=0x000000d4933fec30 mode 2
Event: 36.359 Thread 0x0000027b24cbaa50 DEOPT PACKING pc=0x0000027b00c82838 sp=0x000000d4943fe5e0
Event: 36.359 Thread 0x0000027b24cbaa50 DEOPT UNPACKING pc=0x0000027b00052843 sp=0x000000d4943fdaf8 mode 0
Event: 36.449 Thread 0x0000027b14754100 Uncommon trap: trap_request=0xffffff45 fr.pc=0x0000027b07df2090 relative=0x00000000000006b0
Event: 37.430 Thread 0x0000027b14754100 Uncommon trap: reason=unstable_if action=reinterpret pc=0x0000027b07df2090 method=org.eclipse.jdt.internal.compiler.parser.Scanner.getNextToken0()I @ 255 c2

Classes unloaded (7 events):
Event: 14.779 Thread 0x0000027b12d91fd0 Unloading class 0x0000000100213800 'java/lang/invoke/LambdaForm$MH+0x0000000100213800'
Event: 14.779 Thread 0x0000027b12d91fd0 Unloading class 0x0000000100213400 'java/lang/invoke/LambdaForm$MH+0x0000000100213400'
Event: 14.779 Thread 0x0000027b12d91fd0 Unloading class 0x0000000100213000 'java/lang/invoke/LambdaForm$MH+0x0000000100213000'
Event: 14.779 Thread 0x0000027b12d91fd0 Unloading class 0x0000000100212c00 'java/lang/invoke/LambdaForm$MH+0x0000000100212c00'
Event: 14.779 Thread 0x0000027b12d91fd0 Unloading class 0x0000000100212400 'java/lang/invoke/LambdaForm$BMH+0x0000000100212400'
Event: 14.779 Thread 0x0000027b12d91fd0 Unloading class 0x0000000100212000 'java/lang/invoke/LambdaForm$DMH+0x0000000100212000'
Event: 14.779 Thread 0x0000027b12d91fd0 Unloading class 0x000000010020c800 'java/lang/invoke/LambdaForm$DMH+0x000000010020c800'

Classes redefined (0 events):
No events

Internal exceptions (20 events):
Event: 34.894 Thread 0x0000027b24cb83d0 Exception <a 'sun/nio/fs/WindowsException'{0x00000000ebe3b670}> (0x00000000ebe3b670) 
thrown [s\src\hotspot\share\prims\jni.cpp, line 516]
Event: 34.929 Thread 0x0000027b24cb83d0 Exception <a 'sun/nio/fs/WindowsException'{0x00000000ebfbb5a0}> (0x00000000ebfbb5a0) 
thrown [s\src\hotspot\share\prims\jni.cpp, line 516]
Event: 34.955 Thread 0x0000027b24cb83d0 Exception <a 'sun/nio/fs/WindowsException'{0x00000000ebfd2360}> (0x00000000ebfd2360) 
thrown [s\src\hotspot\share\prims\jni.cpp, line 516]
Event: 34.971 Thread 0x0000027b24cb83d0 Exception <a 'sun/nio/fs/WindowsException'{0x00000000eab0f078}> (0x00000000eab0f078) 
thrown [s\src\hotspot\share\prims\jni.cpp, line 516]
Event: 34.978 Thread 0x0000027b24cb83d0 Exception <a 'sun/nio/fs/WindowsException'{0x00000000eab211f0}> (0x00000000eab211f0) 
thrown [s\src\hotspot\share\prims\jni.cpp, line 516]
Event: 34.991 Thread 0x0000027b24cb83d0 Exception <a 'sun/nio/fs/WindowsException'{0x00000000eab32c38}> (0x00000000eab32c38) 
thrown [s\src\hotspot\share\prims\jni.cpp, line 516]
Event: 34.998 Thread 0x0000027b24cb83d0 Exception <a 'sun/nio/fs/WindowsException'{0x00000000eabf1088}> (0x00000000eabf1088) 
thrown [s\src\hotspot\share\prims\jni.cpp, line 516]
Event: 35.007 Thread 0x0000027b24cb83d0 Exception <a 'sun/nio/fs/WindowsException'{0x00000000eac02e90}> (0x00000000eac02e90) 
thrown [s\src\hotspot\share\prims\jni.cpp, line 516]
Event: 35.064 Thread 0x0000027b24cb83d0 Exception <a 'sun/nio/fs/WindowsException'{0x00000000eac21998}> (0x00000000eac21998) 
thrown [s\src\hotspot\share\prims\jni.cpp, line 516]
Event: 35.096 Thread 0x0000027b24cb83d0 Exception <a 'sun/nio/fs/WindowsException'{0x00000000eae93508}> (0x00000000eae93508) 
thrown [s\src\hotspot\share\prims\jni.cpp, line 516]
Event: 35.110 Thread 0x0000027b24cb83d0 Exception <a 'sun/nio/fs/WindowsException'{0x00000000eaeaffc8}> (0x00000000eaeaffc8) 
thrown [s\src\hotspot\share\prims\jni.cpp, line 516]
Event: 35.119 Thread 0x0000027b24cb83d0 Exception <a 'sun/nio/fs/WindowsException'{0x00000000eb05b8d0}> (0x00000000eb05b8d0) 
thrown [s\src\hotspot\share\prims\jni.cpp, line 516]
Event: 35.132 Thread 0x0000027b24cb83d0 Exception <a 'sun/nio/fs/WindowsException'{0x00000000eb078a60}> (0x00000000eb078a60) 
thrown [s\src\hotspot\share\prims\jni.cpp, line 516]
Event: 35.150 Thread 0x0000027b24cb83d0 Exception <a 'sun/nio/fs/WindowsException'{0x00000000eb130908}> (0x00000000eb130908) 
thrown [s\src\hotspot\share\prims\jni.cpp, line 516]
Event: 35.165 Thread 0x0000027b24cb83d0 Exception <a 'sun/nio/fs/WindowsException'{0x00000000eb21bff0}> (0x00000000eb21bff0) 
thrown [s\src\hotspot\share\prims\jni.cpp, line 516]
Event: 35.179 Thread 0x0000027b24cb83d0 Exception <a 'sun/nio/fs/WindowsException'{0x00000000eb22dbb8}> (0x00000000eb22dbb8) 
thrown [s\src\hotspot\share\prims\jni.cpp, line 516]
Event: 35.897 Thread 0x0000027b14752420 Exception <a 'java/lang/ArrayIndexOutOfBoundsException'{0x00000000eb263d50}> (0x00000000eb263d50) 
thrown [s\src\hotspot\share\runtime\sharedRuntime.cpp, line 628]
Event: 35.946 Thread 0x0000027b14752420 Exception <a 'java/lang/ArrayIndexOutOfBoundsException'{0x00000000eb4a1a08}> (0x00000000eb4a1a08) 
thrown [s\src\hotspot\share\runtime\sharedRuntime.cpp, line 628]
Event: 36.089 Thread 0x0000027b147515b0 Exception <a 'sun/nio/fs/WindowsException'{0x00000000eadf73b8}> (0x00000000eadf73b8) 
thrown [s\src\hotspot\share\prims\jni.cpp, line 516]
Event: 36.448 Thread 0x0000027b147515b0 Exception <a 'sun/nio/fs/WindowsException'{0x00000000eab62578}> (0x00000000eab62578) 
thrown [s\src\hotspot\share\prims\jni.cpp, line 516]

VM Operations (20 events):
Event: 35.274 Executing VM operation: ICBufferFull done
Event: 35.470 Executing VM operation: ICBufferFull
Event: 35.471 Executing VM operation: ICBufferFull done
Event: 35.662 Executing VM operation: HandshakeAllThreads
Event: 35.662 Executing VM operation: HandshakeAllThreads done
Event: 35.678 Executing VM operation: HandshakeAllThreads
Event: 35.678 Executing VM operation: HandshakeAllThreads done
Event: 35.722 Executing VM operation: ParallelGCFailedAllocation
Event: 35.731 Executing VM operation: ParallelGCFailedAllocation done
Event: 36.056 Executing VM operation: ICBufferFull
Event: 36.056 Executing VM operation: ICBufferFull done
Event: 36.068 Executing VM operation: ParallelGCFailedAllocation
Event: 36.073 Executing VM operation: ParallelGCFailedAllocation done
Event: 36.136 Executing VM operation: ParallelGCFailedAllocation
Event: 36.142 Executing VM operation: ParallelGCFailedAllocation done
Event: 36.222 Executing VM operation: ParallelGCFailedAllocation
Event: 36.229 Executing VM operation: ParallelGCFailedAllocation done
Event: 36.377 Executing VM operation: ParallelGCFailedAllocation
Event: 36.387 Executing VM operation: ParallelGCFailedAllocation done
Event: 37.388 Executing VM operation: Cleanup

Events (20 events):
Event: 34.900 loading class sun/security/ssl/Alert
Event: 34.901 loading class sun/security/ssl/Alert done
Event: 34.902 loading class sun/security/ssl/Alert$AlertConsumer
Event: 34.902 loading class sun/security/ssl/Alert$AlertConsumer done
Event: 34.903 loading class sun/security/ssl/Alert$Level
Event: 34.903 loading class sun/security/ssl/Alert$Level done
Event: 34.905 Thread 0x0000027b14751a80 Thread exited: 0x0000027b14751a80
Event: 35.028 Thread 0x0000027b1624e630 Thread added: 0x0000027b1624e630
Event: 35.176 Thread 0x0000027b24cbb3f0 Thread exited: 0x0000027b24cbb3f0
Event: 35.262 loading class java/text/DontCareFieldPosition
Event: 35.262 loading class java/text/DontCareFieldPosition done
Event: 35.262 loading class java/text/DontCareFieldPosition$1
Event: 35.262 loading class java/text/Format$FieldDelegate
Event: 35.262 loading class java/text/Format$FieldDelegate done
Event: 35.262 loading class java/text/DontCareFieldPosition$1 done
Event: 35.263 loading class java/text/NumberFormat$Field
Event: 35.263 loading class java/text/NumberFormat$Field done
Event: 35.306 Thread 0x0000027b24cbaa50 Thread added: 0x0000027b24cbaa50
Event: 35.668 Thread 0x0000027b12e1fc70 flushing nmethod 0x0000027b006ede90
Event: 35.671 Thread 0x0000027b12e1fc70 flushing nmethod 0x0000027b00874f90


Dynamic libraries:
0x00007ff6debd0000 - 0x00007ff6debde000 	c:\Users\Nishtar\.antigravity\extensions\redhat.java-1.12.0-win32-x64\jre\17.0.4.1-win32-x86_64\bin\java.exe
0x00007fffefba0000 - 0x00007fffefe08000 	C:\WINDOWS\SYSTEM32\ntdll.dll
0x00007fffedea0000 - 0x00007fffedf69000 	C:\WINDOWS\System32\KERNEL32.DLL
0x00007fffece20000 - 0x00007fffed211000 	C:\WINDOWS\System32\KERNELBASE.dll
0x00007fffed7f0000 - 0x00007fffed93b000 	C:\WINDOWS\System32\ucrtbase.dll
0x00007fffb5f10000 - 0x00007fffb5f29000 	c:\Users\Nishtar\.antigravity\extensions\redhat.java-1.12.0-win32-x64\jre\17.0.4.1-win32-x86_64\bin\VCRUNTIME140.dll
0x00007fffb5d30000 - 0x00007fffb5d48000 	c:\Users\Nishtar\.antigravity\extensions\redhat.java-1.12.0-win32-x64\jre\17.0.4.1-win32-x86_64\bin\jli.dll
0x00007fffef7e0000 - 0x00007fffef9a6000 	C:\WINDOWS\System32\USER32.dll
0x00007fffdc8f0000 - 0x00007fffdcb83000 	C:\WINDOWS\WinSxS\amd64_microsoft.windows.common-controls_6595b64144ccf1df_6.0.26100.7824_none_3e0870b2e3345462\COMCTL32.dll
0x00007fffed2e0000 - 0x00007fffed307000 	C:\WINDOWS\System32\win32u.dll
0x00007fffef680000 - 0x00007fffef729000 	C:\WINDOWS\System32\msvcrt.dll
0x00007fffefaa0000 - 0x00007fffefacb000 	C:\WINDOWS\System32\GDI32.dll
0x00007fffeccf0000 - 0x00007fffece1b000 	C:\WINDOWS\System32\gdi32full.dll
0x00007fffed740000 - 0x00007fffed7e3000 	C:\WINDOWS\System32\msvcp_win.dll
0x00007fffed940000 - 0x00007fffed971000 	C:\WINDOWS\System32\IMM32.DLL
0x00007fffdf760000 - 0x00007fffdf76c000 	c:\Users\Nishtar\.antigravity\extensions\redhat.java-1.12.0-win32-x64\jre\17.0.4.1-win32-x86_64\bin\vcruntime140_1.dll
0x00007fff833a0000 - 0x00007fff83431000 	c:\Users\Nishtar\.antigravity\extensions\redhat.java-1.12.0-win32-x64\jre\17.0.4.1-win32-x86_64\bin\msvcp140.dll
0x00007fff06350000 - 0x00007fff06f96000 	c:\Users\Nishtar\.antigravity\extensions\redhat.java-1.12.0-win32-x64\jre\17.0.4.1-win32-x86_64\bin\server\jvm.dll
0x00007fffef530000 - 0x00007fffef5e4000 	C:\WINDOWS\System32\ADVAPI32.dll
0x00007fffef730000 - 0x00007fffef7d6000 	C:\WINDOWS\System32\sechost.dll
0x00007fffeda10000 - 0x00007fffedb28000 	C:\WINDOWS\System32\RPCRT4.dll
0x00007fffefb50000 - 0x00007fffefb58000 	C:\WINDOWS\System32\PSAPI.DLL
0x00007fffdedf0000 - 0x00007fffdedfa000 	C:\WINDOWS\SYSTEM32\WSOCK32.dll
0x00007fffe58a0000 - 0x00007fffe58ab000 	C:\WINDOWS\SYSTEM32\VERSION.dll
0x00007fffe4a80000 - 0x00007fffe4ab5000 	C:\WINDOWS\SYSTEM32\WINMM.dll
0x00007fffedb30000 - 0x00007fffedba4000 	C:\WINDOWS\System32\WS2_32.dll
0x00007fffeb220000 - 0x00007fffeb23b000 	C:\WINDOWS\SYSTEM32\kernel.appcore.dll
0x00007fffdeb50000 - 0x00007fffdeb5a000 	c:\Users\Nishtar\.antigravity\extensions\redhat.java-1.12.0-win32-x64\jre\17.0.4.1-win32-x86_64\bin\jimage.dll
0x00007fffe1330000 - 0x00007fffe1572000 	C:\WINDOWS\SYSTEM32\DBGHELP.DLL
0x00007fffedf70000 - 0x00007fffee2f6000 	C:\WINDOWS\System32\combase.dll
0x00007fffee810000 - 0x00007fffee8e7000 	C:\WINDOWS\System32\OLEAUT32.dll
0x00007fffd9020000 - 0x00007fffd905b000 	C:\WINDOWS\SYSTEM32\dbgcore.DLL
0x00007fffed520000 - 0x00007fffed5c5000 	C:\WINDOWS\System32\bcryptPrimitives.dll
0x00007fffd7050000 - 0x00007fffd705e000 	c:\Users\Nishtar\.antigravity\extensions\redhat.java-1.12.0-win32-x64\jre\17.0.4.1-win32-x86_64\bin\instrument.dll
0x00007fff85e00000 - 0x00007fff85e25000 	c:\Users\Nishtar\.antigravity\extensions\redhat.java-1.12.0-win32-x64\jre\17.0.4.1-win32-x86_64\bin\java.dll
0x00007fff96540000 - 0x00007fff96558000 	c:\Users\Nishtar\.antigravity\extensions\redhat.java-1.12.0-win32-x64\jre\17.0.4.1-win32-x86_64\bin\zip.dll
0x00007fffee8f0000 - 0x00007fffef042000 	C:\WINDOWS\System32\SHELL32.dll
0x00007fffed5d0000 - 0x00007fffed73a000 	C:\WINDOWS\System32\wintypes.dll
0x00007fffec480000 - 0x00007fffecce3000 	C:\WINDOWS\System32\windows.storage.dll
0x00007fffedda0000 - 0x00007fffede96000 	C:\WINDOWS\System32\SHCORE.dll
0x00007fffef9e0000 - 0x00007fffefa47000 	C:\WINDOWS\System32\shlwapi.dll
0x00007fffec3a0000 - 0x00007fffec3c9000 	C:\WINDOWS\SYSTEM32\profapi.dll
0x00007fff88340000 - 0x00007fff88359000 	C:\Users\Nishtar\.antigravity\extensions\redhat.java-1.12.0-win32-x64\jre\17.0.4.1-win32-x86_64\bin\net.dll
0x00007fffe5160000 - 0x00007fffe5287000 	C:\WINDOWS\SYSTEM32\WINHTTP.dll
0x00007fffeb790000 - 0x00007fffeb7fb000 	C:\WINDOWS\system32\mswsock.dll
0x00007fff87f10000 - 0x00007fff87f25000 	C:\Users\Nishtar\.antigravity\extensions\redhat.java-1.12.0-win32-x64\jre\17.0.4.1-win32-x86_64\bin\nio.dll
0x00007fffcd830000 - 0x00007fffcd840000 	c:\Users\Nishtar\.antigravity\extensions\redhat.java-1.12.0-win32-x64\jre\17.0.4.1-win32-x86_64\bin\verify.dll
0x00007fff83d80000 - 0x00007fff83dbe000 	C:\Users\Nishtar\AppData\Roaming\Antigravity\User\globalStorage\redhat.java\1.12.0\config_win\org.eclipse.equinox.launcher\org.eclipse.equinox.launcher.win32.win32.x86_64_1.2.600.v20220720-1916\eclipse_11700.dll
0x00007fffef2d0000 - 0x00007fffef467000 	C:\WINDOWS\System32\ole32.dll
0x00007fffeba60000 - 0x00007fffeba7b000 	C:\WINDOWS\SYSTEM32\CRYPTSP.dll
0x00007fffeb180000 - 0x00007fffeb1b9000 	C:\WINDOWS\system32\rsaenh.dll
0x00007fffeb840000 - 0x00007fffeb86b000 	C:\WINDOWS\SYSTEM32\USERENV.dll
0x00007fffec370000 - 0x00007fffec39a000 	C:\WINDOWS\SYSTEM32\bcrypt.dll
0x00007fffeba80000 - 0x00007fffeba8c000 	C:\WINDOWS\SYSTEM32\CRYPTBASE.dll
0x00007fffeac40000 - 0x00007fffeac74000 	C:\WINDOWS\SYSTEM32\IPHLPAPI.DLL
0x00007fffedbb0000 - 0x00007fffedbba000 	C:\WINDOWS\System32\NSI.dll
0x00007fffe6d90000 - 0x00007fffe6dae000 	C:\WINDOWS\SYSTEM32\dhcpcsvc6.DLL
0x00007fffe6ba0000 - 0x00007fffe6bc3000 	C:\WINDOWS\SYSTEM32\dhcpcsvc.DLL
0x00007fffead30000 - 0x00007fffeae5c000 	C:\WINDOWS\SYSTEM32\DNSAPI.dll
0x00007fff83360000 - 0x00007fff833a0000 	C:\Users\Nishtar\AppData\Local\Temp\jna--673678283\jna8023976519485568607.dll
0x00007fffcc050000 - 0x00007fffcc05e000 	C:\Users\Nishtar\.antigravity\extensions\redhat.java-1.12.0-win32-x64\jre\17.0.4.1-win32-x86_64\bin\sunmscapi.dll
0x00007fffed310000 - 0x00007fffed487000 	C:\WINDOWS\System32\CRYPT32.dll
0x00007fffebc80000 - 0x00007fffebcb0000 	C:\WINDOWS\SYSTEM32\ncrypt.dll
0x00007fffebc30000 - 0x00007fffebc6f000 	C:\WINDOWS\SYSTEM32\NTASN1.dll
0x00007fffe4a70000 - 0x00007fffe4a7b000 	C:\Windows\System32\rasadhlp.dll
0x00007fffe6e30000 - 0x00007fffe6eb6000 	C:\WINDOWS\System32\fwpuclnt.dll

dbghelp: loaded successfully - version: 4.0.5 - missing functions: none
symbol engine: initialized successfully - sym options: 0x614 - pdb path: .;c:\Users\Nishtar\.antigravity\extensions\redhat.java-1.12.0-win32-x64\jre\17.0.4.1-win32-x86_64\bin;C:\WINDOWS\SYSTEM32;C:\WINDOWS\WinSxS\amd64_microsoft.windows.common-controls_6595b64144ccf1df_6.0.26100.7824_none_3e0870b2e3345462;c:\Users\Nishtar\.antigravity\extensions\redhat.java-1.12.0-win32-x64\jre\17.0.4.1-win32-x86_64\bin\server;C:\Users\Nishtar\AppData\Roaming\Antigravity\User\globalStorage\redhat.java\1.12.0\config_win\org.eclipse.equinox.launcher\org.eclipse.equinox.launcher.win32.win32.x86_64_1.2.600.v20220720-1916;C:\Users\Nishtar\AppData\Local\Temp\jna--673678283

VM Arguments:
jvm_args: --add-modules=ALL-SYSTEM --add-opens=java.base/java.util=ALL-UNNAMED --add-opens=java.base/java.lang=ALL-UNNAMED --add-opens=java.base/sun.nio.fs=ALL-UNNAMED -Declipse.application=org.eclipse.jdt.ls.core.id1 -Dosgi.bundles.defaultStartLevel=4 -Declipse.product=org.eclipse.jdt.ls.core.product -Djava.import.generatesMetadataFilesAtProjectRoot=false -Dfile.encoding=utf8 -XX:+UseParallelGC -XX:GCTimeRatio=4 -XX:AdaptiveSizePolicyWeight=90 -Dsun.zip.disableMemoryMapping=true -Xmx1G -Xms100m -Xlog:disable -javaagent:c:\Users\Nishtar\.antigravity\extensions\redhat.java-1.12.0-win32-x64\lombok\lombok-1.18.24.jar -XX:+HeapDumpOnOutOfMemoryError -XX:HeapDumpPath=c:\Users\Nishtar\AppData\Roaming\Antigravity\User\workspaceStorage\0fe9db96e7a8ee3026565586bb49f5fa\redhat.java 
java_command: c:\Users\Nishtar\.antigravity\extensions\redhat.java-1.12.0-win32-x64\server\plugins\org.eclipse.equinox.launcher_1.6.400.v20210924-0641.jar -configuration c:\Users\Nishtar\AppData\Roaming\Antigravity\User\globalStorage\redhat.java\1.12.0\config_win -data c:\Users\Nishtar\AppData\Roaming\Antigravity\User\workspaceStorage\0fe9db96e7a8ee3026565586bb49f5fa\redhat.java\jdt_ws
java_class_path (initial): c:\Users\Nishtar\.antigravity\extensions\redhat.java-1.12.0-win32-x64\server\plugins\org.eclipse.equinox.launcher_1.6.400.v20210924-0641.jar
Launcher Type: SUN_STANDARD

[Global flags]
    uintx AdaptiveSizePolicyWeight                 = 90                                        {product} {command line}
     intx CICompilerCount                          = 4                                         {product} {ergonomic}
    uintx GCTimeRatio                              = 4                                         {product} {command line}
     bool HeapDumpOnOutOfMemoryError               = true                                   {manageable} {command line}
    ccstr HeapDumpPath                             = c:\Users\Nishtar\AppData\Roaming\Antigravity\User\workspaceStorage\0fe9db96e7a8ee3026565586bb49f5fa\redhat.java         {manageable} {command line}
   size_t InitialHeapSize                          = 104857600                                 {product} {command line}
   size_t MaxHeapSize                              = 1073741824                                {product} {command line}
   size_t MaxNewSize                               = 357564416                                 {product} {ergonomic}
   size_t MinHeapDeltaBytes                        = 524288                                    {product} {ergonomic}
   size_t MinHeapSize                              = 104857600                                 {product} {command line}
   size_t NewSize                                  = 34603008                                  {product} {ergonomic}
    uintx NonNMethodCodeHeapSize                   = 5839372                                {pd product} {ergonomic}
    uintx NonProfiledCodeHeapSize                  = 122909434                              {pd product} {ergonomic}
   size_t OldSize                                  = 70254592                                  {product} {ergonomic}
    uintx ProfiledCodeHeapSize                     = 122909434                              {pd product} {ergonomic}
    uintx ReservedCodeCacheSize                    = 251658240                              {pd product} {ergonomic}
     bool SegmentedCodeCache                       = true                                      {product} {ergonomic}
   size_t SoftMaxHeapSize                          = 1073741824                             {manageable} {ergonomic}
     bool UseCompressedClassPointers               = true                           {product lp64_product} {ergonomic}
     bool UseCompressedOops                        = true                           {product lp64_product} {ergonomic}
     bool UseLargePagesIndividualAllocation        = false                                  {pd product} {ergonomic}
     bool UseParallelGC                            = true                                      {product} {command line}

Logging:
Log output configuration:
 #0: stdout all=off uptime,level,tags
 #1: stderr all=off uptime,level,tags

Environment Variables:
JAVA_HOME=C:\Program Files\Java\jdk-20
PATH=C:\Program Files\Common Files\Oracle\Java\javapath;C:\WINDOWS\system32;C:\WINDOWS;C:\WINDOWS\System32\Wbem;C:\WINDOWS\System32\WindowsPowerShell\v1.0\;C:\WINDOWS\System32\OpenSSH\;C:\Program Files\Java\jdk-20\bin;C:\Program Files\Microsoft SQL Server\150\Tools\Binn\;C:\Program Files\Microsoft SQL Server\Client SDK\ODBC\170\Tools\Binn\;C:\Program Files\dotnet\;C:\Program Files (x86)\Microsoft SQL Server\160\Tools\Binn\;C:\Program Files\Microsoft SQL Server\160\Tools\Binn\;C:\Program Files\Microsoft SQL Server\160\DTS\Binn\;C:\Program Files (x86)\Microsoft SQL Server\160\DTS\Binn\;C:\Program Files\Git\cmd;C:\Program Files\MySQL\MySQL Shell 8.0\bin\;C:\Users\Nishtar\AppData\Local\Microsoft\WindowsApps;C:\Users\Nishtar\AppData\Local\Programs\Microsoft VS Code\bin;C:\Users\Nishtar\.dotnet\tools;C:\Users\Nishtar\AppData\Local\GitHubDesktop\bin;C:\Users\Nishtar\AppData\Local\Programs\Antigravity\bin
USERNAME=Nishtar
OS=Windows_NT
PROCESSOR_IDENTIFIER=AMD64 Family 23 Model 104 Stepping 1, AuthenticAMD
TMP=C:\Users\Nishtar\AppData\Local\Temp
TEMP=C:\Users\Nishtar\AppData\Local\Temp



---------------  S Y S T E M  ---------------

OS:
 Windows 11 , 64 bit Build 26100 (10.0.26100.7705)
OS uptime: 4 days 15:20 hours

CPU: total 12 (initial active 12) (12 cores per cpu, 2 threads per core) family 23 model 104 stepping 1 microcode 0x8608103, cx8, cmov, fxsr, ht, mmx, 3dnowpref, sse, sse2, sse3, ssse3, sse4a, sse4.1, sse4.2, popcnt, lzcnt, tsc, tscinvbit, avx, avx2, aes, clmul, bmi1, bmi2, adx, sha, fma, vzeroupper, clflush, clflushopt

Memory: 4k page, system-wide physical 7541M (647M free)
TotalPageFile size 31093M (AvailPageFile size 12M)
current process WorkingSet (physical memory assigned to process): 303M, peak: 303M
current process commit charge ("private bytes"): 375M, peak: 375M

vm_info: OpenJDK 64-Bit Server VM (17.0.4.1+1) for windows-amd64 JRE (17.0.4.1+1), built on Aug 17 2022 07:42:43 by "temurin" with MS VC++ 16.7 (VS2019)

END.
